22/05/2019 09:33:03.772 - [te.view.MainFrameController.writeMetadata] - [INFO] - Start Writing metadata
22/05/2019 09:33:03.779 - [te.MemoryLogger.print] - [INFO] - Heap Memory Usage: 25110648, More than initial: 0, dif: 25110648
22/05/2019 09:33:03.846 - [te.view.MainFrameController$3.lambda$1] - [INFO] - Current file: valentine_gold-16_19_02.jpg
22/05/2019 09:33:03.847 - [te.view.MainFrameController$3.lambda$1] - [INFO] - Current file: valentine_gold-14_21_02.jpg
22/05/2019 09:33:03.846 - [te.view.MainFrameController$3.lambda$1] - [INFO] - Current file: valentine_gold-18_12_02.jpg
22/05/2019 09:33:03.847 - [te.util.ExiftoolRunner.writeMetadataToFile] - [INFO] - 
22/05/2019 09:33:03.847 - [te.util.ExiftoolRunner.writeMetadataToFile] - [INFO] - 
22/05/2019 09:33:03.848 - [te.util.ExiftoolRunner.writeMetadataToFile] - [INFO] - Запись метаданных в файл H:\Olya\jpg\gold_text - копия\1\valentine_gold-18_12_02.jpg
22/05/2019 09:33:03.848 - [te.util.ExiftoolRunner.writeMetadataToFile] - [INFO] - 
22/05/2019 09:33:03.848 - [te.util.ExiftoolRunner.writeMetadataToFile] - [INFO] - Запись метаданных в файл H:\Olya\jpg\gold_text - копия\1\valentine_gold-14_21_02.jpg
22/05/2019 09:33:03.855 - [te.view.MainFrameController$3.lambda$1] - [INFO] - Current file: valentine_gold-14_15_02.jpg
22/05/2019 09:33:03.856 - [te.util.ExiftoolRunner.writeMetadataToFile] - [INFO] - Запись метаданных в файл H:\Olya\jpg\gold_text - копия\1\valentine_gold-16_19_02.jpg
22/05/2019 09:33:03.858 - [te.util.ExiftoolRunner.writeMetadataToFile] - [INFO] - 
22/05/2019 09:33:03.858 - [te.util.ExiftoolRunner.writeMetadataToFile] - [INFO] - Запись метаданных в файл H:\Olya\jpg\gold_text - копия\1\valentine_gold-14_15_02.jpg
22/05/2019 09:33:05.590 - [te.util.ExiftoolRunner.writeMetadataToFile] - [INFO] - Exiftool exit code: 0
22/05/2019 09:33:05.590 - [te.util.ExiftoolRunner.writeMetadataToFile] - [INFO] - Decription: 
22/05/2019 09:33:05.590 - [te.util.ExiftoolRunner.writeMetadataToFile] - [INFO] - Keywords: cvbvcbcvbvcb
22/05/2019 09:33:05.591 - [te.util.ExiftoolRunner.writeMetadataToFile] - [INFO] - Title: Music 
22/05/2019 09:33:05.592 - [te.MemoryLogger.print] - [INFO] - Heap Memory Usage: 28400904, More than initial: 3290256, dif: 3290256
22/05/2019 09:33:05.594 - [te.view.MainFrameController$3.lambda$1] - [INFO] - Current file: valentine_gold-17_16_02.jpg
22/05/2019 09:33:05.595 - [te.util.ExiftoolRunner.writeMetadataToFile] - [INFO] - 
22/05/2019 09:33:05.595 - [te.util.ExiftoolRunner.writeMetadataToFile] - [INFO] - Запись метаданных в файл H:\Olya\jpg\gold_text - копия\1\valentine_gold-17_16_02.jpg
22/05/2019 09:33:05.778 - [te.util.ExiftoolRunner.writeMetadataToFile] - [INFO] - Exiftool exit code: 0
22/05/2019 09:33:05.778 - [te.util.ExiftoolRunner.writeMetadataToFile] - [INFO] - Decription: 
22/05/2019 09:33:05.779 - [te.util.ExiftoolRunner.writeMetadataToFile] - [INFO] - Keywords: cvbvcbcvbvcb
22/05/2019 09:33:05.779 - [te.util.ExiftoolRunner.writeMetadataToFile] - [INFO] - Title: 
22/05/2019 09:33:05.779 - [te.MemoryLogger.print] - [INFO] - Heap Memory Usage: 28507368, More than initial: 3396720, dif: 106464
22/05/2019 09:33:05.780 - [te.view.MainFrameController$3.lambda$1] - [INFO] - Current file: valentine_gold-18_15_02.jpg
22/05/2019 09:33:05.780 - [te.util.ExiftoolRunner.writeMetadataToFile] - [INFO] - 
22/05/2019 09:33:05.781 - [te.util.ExiftoolRunner.writeMetadataToFile] - [INFO] - Запись метаданных в файл H:\Olya\jpg\gold_text - копия\1\valentine_gold-18_15_02.jpg
22/05/2019 09:33:05.859 - [te.util.ExiftoolRunner.writeMetadataToFile] - [INFO] - Exiftool exit code: 0
22/05/2019 09:33:05.860 - [te.util.ExiftoolRunner.writeMetadataToFile] - [INFO] - Decription: 
22/05/2019 09:33:05.860 - [te.util.ExiftoolRunner.writeMetadataToFile] - [INFO] - Keywords: cvbvcbcvbvcb
22/05/2019 09:33:05.861 - [te.util.ExiftoolRunner.writeMetadataToFile] - [INFO] - Title: Line 
22/05/2019 09:33:05.861 - [te.MemoryLogger.print] - [INFO] - Heap Memory Usage: 28622048, More than initial: 3511400, dif: 114680
22/05/2019 09:33:05.861 - [te.view.MainFrameController$3.lambda$1] - [INFO] - Current file: valentine_gold-14_9_02.jpg
22/05/2019 09:33:05.862 - [te.util.ExiftoolRunner.writeMetadataToFile] - [INFO] - 
22/05/2019 09:33:05.862 - [te.util.ExiftoolRunner.writeMetadataToFile] - [INFO] - Запись метаданных в файл H:\Olya\jpg\gold_text - копия\1\valentine_gold-14_9_02.jpg
22/05/2019 09:33:05.941 - [te.util.ExiftoolRunner.writeMetadataToFile] - [INFO] - Exiftool exit code: 0
22/05/2019 09:33:05.941 - [te.util.ExiftoolRunner.writeMetadataToFile] - [INFO] - Decription: 
22/05/2019 09:33:05.942 - [te.util.ExiftoolRunner.writeMetadataToFile] - [INFO] - Keywords: cvbvcbcvbvcb
22/05/2019 09:33:05.943 - [te.util.ExiftoolRunner.writeMetadataToFile] - [INFO] - Title: Line 
22/05/2019 09:33:05.943 - [te.MemoryLogger.print] - [INFO] - Heap Memory Usage: 28734696, More than initial: 3624048, dif: 112648
22/05/2019 09:33:05.943 - [te.view.MainFrameController$3.lambda$1] - [INFO] - Current file: valentine_gold-13_17_02.jpg
22/05/2019 09:33:05.944 - [te.util.ExiftoolRunner.writeMetadataToFile] - [INFO] - 
22/05/2019 09:33:05.944 - [te.util.ExiftoolRunner.writeMetadataToFile] - [INFO] - Запись метаданных в файл H:\Olya\jpg\gold_text - копия\1\valentine_gold-13_17_02.jpg
22/05/2019 09:33:07.466 - [te.util.ExiftoolRunner.writeMetadataToFile] - [INFO] - Exiftool exit code: 0
22/05/2019 09:33:07.466 - [te.util.ExiftoolRunner.writeMetadataToFile] - [INFO] - Decription: 
22/05/2019 09:33:07.467 - [te.util.ExiftoolRunner.writeMetadataToFile] - [INFO] - Keywords: cvbvcbcvbvcb
22/05/2019 09:33:07.467 - [te.util.ExiftoolRunner.writeMetadataToFile] - [INFO] - Title: 
22/05/2019 09:33:07.468 - [te.MemoryLogger.print] - [INFO] - Heap Memory Usage: 28849632, More than initial: 3738984, dif: 114936
22/05/2019 09:33:07.469 - [te.view.MainFrameController$3.lambda$1] - [INFO] - Current file: valentine_gold-14_6_02.jpg
22/05/2019 09:33:07.469 - [te.util.ExiftoolRunner.writeMetadataToFile] - [INFO] - 
22/05/2019 09:33:07.470 - [te.util.ExiftoolRunner.writeMetadataToFile] - [INFO] - Запись метаданных в файл H:\Olya\jpg\gold_text - копия\1\valentine_gold-14_6_02.jpg
22/05/2019 09:33:07.497 - [te.util.ExiftoolRunner.writeMetadataToFile] - [INFO] - Exiftool exit code: 0
22/05/2019 09:33:07.497 - [te.util.ExiftoolRunner.writeMetadataToFile] - [INFO] - Decription: 
22/05/2019 09:33:07.498 - [te.util.ExiftoolRunner.writeMetadataToFile] - [INFO] - Keywords: cvbvcbcvbvcb
22/05/2019 09:33:07.498 - [te.util.ExiftoolRunner.writeMetadataToFile] - [INFO] - Title: Set 
22/05/2019 09:33:07.498 - [te.MemoryLogger.print] - [INFO] - Heap Memory Usage: 28962248, More than initial: 3851600, dif: 112616
22/05/2019 09:33:07.499 - [te.view.MainFrameController$3.lambda$1] - [INFO] - Current file: valentine_gold-17_17_02.jpg
22/05/2019 09:33:07.499 - [te.util.ExiftoolRunner.writeMetadataToFile] - [INFO] - 
22/05/2019 09:33:07.500 - [te.util.ExiftoolRunner.writeMetadataToFile] - [INFO] - Запись метаданных в файл H:\Olya\jpg\gold_text - копия\1\valentine_gold-17_17_02.jpg
22/05/2019 09:33:07.515 - [te.util.ExiftoolRunner.writeMetadataToFile] - [INFO] - Exiftool exit code: 0
22/05/2019 09:33:07.516 - [te.util.ExiftoolRunner.writeMetadataToFile] - [INFO] - Decription: 
22/05/2019 09:33:07.516 - [te.util.ExiftoolRunner.writeMetadataToFile] - [INFO] - Keywords: cvbvcbcvbvcb
22/05/2019 09:33:07.516 - [te.util.ExiftoolRunner.writeMetadataToFile] - [INFO] - Title: Set 
22/05/2019 09:33:07.516 - [te.MemoryLogger.print] - [INFO] - Heap Memory Usage: 29083096, More than initial: 3972448, dif: 120848
22/05/2019 09:33:07.517 - [te.view.MainFrameController$3.lambda$1] - [INFO] - Current file: valentine_gold-15_20_02.jpg
22/05/2019 09:33:07.517 - [te.util.ExiftoolRunner.writeMetadataToFile] - [INFO] - 
22/05/2019 09:33:07.517 - [te.util.ExiftoolRunner.writeMetadataToFile] - [INFO] - Запись метаданных в файл H:\Olya\jpg\gold_text - копия\1\valentine_gold-15_20_02.jpg
22/05/2019 09:33:07.544 - [te.util.ExiftoolRunner.writeMetadataToFile] - [INFO] - Exiftool exit code: 0
22/05/2019 09:33:07.545 - [te.util.ExiftoolRunner.writeMetadataToFile] - [INFO] - Decription: 
22/05/2019 09:33:07.546 - [te.util.ExiftoolRunner.writeMetadataToFile] - [INFO] - Keywords: cvbvcbcvbvcb
22/05/2019 09:33:07.546 - [te.util.ExiftoolRunner.writeMetadataToFile] - [INFO] - Title: 
22/05/2019 09:33:07.546 - [te.MemoryLogger.print] - [INFO] - Heap Memory Usage: 29203920, More than initial: 4093272, dif: 120824
22/05/2019 09:33:08.811 - [te.util.ExiftoolRunner.writeMetadataToFile] - [INFO] - Exiftool exit code: 0
22/05/2019 09:33:08.812 - [te.util.ExiftoolRunner.writeMetadataToFile] - [INFO] - Decription: 
22/05/2019 09:33:08.812 - [te.util.ExiftoolRunner.writeMetadataToFile] - [INFO] - Keywords: cvbvcbcvbvcb
22/05/2019 09:33:08.813 - [te.util.ExiftoolRunner.writeMetadataToFile] - [INFO] - Title: 
22/05/2019 09:33:08.813 - [te.MemoryLogger.print] - [INFO] - Heap Memory Usage: 29293992, More than initial: 4183344, dif: 90072
22/05/2019 09:33:08.833 - [te.util.ExiftoolRunner.writeMetadataToFile] - [INFO] - Exiftool exit code: 0
22/05/2019 09:33:08.833 - [te.util.ExiftoolRunner.writeMetadataToFile] - [INFO] - Decription: 
22/05/2019 09:33:08.834 - [te.util.ExiftoolRunner.writeMetadataToFile] - [INFO] - Keywords: cvbvcbcvbvcb
22/05/2019 09:33:08.834 - [te.util.ExiftoolRunner.writeMetadataToFile] - [INFO] - Title: 
22/05/2019 09:33:08.834 - [te.MemoryLogger.print] - [INFO] - Heap Memory Usage: 29382000, More than initial: 4271352, dif: 88008
22/05/2019 09:33:08.835 - [te.util.ExiftoolRunner.writeMetadataToFile] - [INFO] - Exiftool exit code: 0
22/05/2019 09:33:08.835 - [te.util.ExiftoolRunner.writeMetadataToFile] - [INFO] - Decription: 
22/05/2019 09:33:08.835 - [te.util.ExiftoolRunner.writeMetadataToFile] - [INFO] - Keywords: cvbvcbcvbvcb
22/05/2019 09:33:08.836 - [te.util.ExiftoolRunner.writeMetadataToFile] - [INFO] - Title: 
22/05/2019 09:33:08.836 - [te.MemoryLogger.print] - [INFO] - Heap Memory Usage: 29469872, More than initial: 4359224, dif: 87872
22/05/2019 09:33:08.836 - [te.view.MainFrameController$3.call] - [INFO] - Finishing pre-oprateion, start writing files
22/05/2019 09:33:08.839 - [te.view.MainFrameController$3.lambda$1] - [INFO] - Current file: valentine_gold-18_21_02.jpg
22/05/2019 09:33:08.839 - [te.view.MainFrameController$3.lambda$1] - [INFO] - Current file: valentine_gold-17_21_02.jpg
22/05/2019 09:33:08.839 - [te.view.MainFrameController$3.lambda$1] - [INFO] - Current file: valentine_gold-19_16_02.jpg
22/05/2019 09:33:08.839 - [te.view.MainFrameController$3.lambda$1] - [INFO] - Current file: valentine_gold-14_18_02.jpg
22/05/2019 09:33:08.839 - [te.util.ExiftoolRunner.writeMetadataToFile] - [INFO] - 
22/05/2019 09:33:08.839 - [te.util.ExiftoolRunner.writeMetadataToFile] - [INFO] - 
22/05/2019 09:33:08.839 - [te.util.ExiftoolRunner.writeMetadataToFile] - [INFO] - 
22/05/2019 09:33:08.840 - [te.util.ExiftoolRunner.writeMetadataToFile] - [INFO] - 
22/05/2019 09:33:08.840 - [te.util.ExiftoolRunner.writeMetadataToFile] - [INFO] - Запись метаданных в файл H:\Olya\jpg\gold_text - копия\2\valentine_gold-17_21_02.jpg
22/05/2019 09:33:08.840 - [te.util.ExiftoolRunner.writeMetadataToFile] - [INFO] - Запись метаданных в файл H:\Olya\jpg\gold_text - копия\2\valentine_gold-18_21_02.jpg
22/05/2019 09:33:08.840 - [te.util.ExiftoolRunner.writeMetadataToFile] - [INFO] - Запись метаданных в файл H:\Olya\jpg\gold_text - копия\2\valentine_gold-19_16_02.jpg
22/05/2019 09:33:08.840 - [te.util.ExiftoolRunner.writeMetadataToFile] - [INFO] - Запись метаданных в файл H:\Olya\jpg\gold_text - копия\2\valentine_gold-14_18_02.jpg
22/05/2019 09:33:10.384 - [te.util.ExiftoolRunner.writeMetadataToFile] - [INFO] - Exiftool exit code: 0
22/05/2019 09:33:10.384 - [te.util.ExiftoolRunner.writeMetadataToFile] - [INFO] - Decription: 
22/05/2019 09:33:10.385 - [te.util.ExiftoolRunner.writeMetadataToFile] - [INFO] - Keywords: cvbvcbcvbvcb
22/05/2019 09:33:10.385 - [te.util.ExiftoolRunner.writeMetadataToFile] - [INFO] - Title: Set 
22/05/2019 09:33:10.385 - [te.MemoryLogger.print] - [INFO] - Heap Memory Usage: 29736160, More than initial: 4625512, dif: 266288
22/05/2019 09:33:10.385 - [te.view.MainFrameController$3.lambda$1] - [INFO] - Current file: valentine_gold-17_19_02.jpg
22/05/2019 09:33:10.386 - [te.util.ExiftoolRunner.writeMetadataToFile] - [INFO] - 
22/05/2019 09:33:10.386 - [te.util.ExiftoolRunner.writeMetadataToFile] - [INFO] - Запись метаданных в файл H:\Olya\jpg\gold_text - копия\2\valentine_gold-17_19_02.jpg
22/05/2019 09:33:10.413 - [te.util.ExiftoolRunner.writeMetadataToFile] - [INFO] - Exiftool exit code: 0
22/05/2019 09:33:10.414 - [te.util.ExiftoolRunner.writeMetadataToFile] - [INFO] - Decription: 
22/05/2019 09:33:10.414 - [te.util.ExiftoolRunner.writeMetadataToFile] - [INFO] - Keywords: cvbvcbcvbvcb
22/05/2019 09:33:10.414 - [te.util.ExiftoolRunner.writeMetadataToFile] - [INFO] - Title: 
22/05/2019 09:33:10.414 - [te.MemoryLogger.print] - [INFO] - Heap Memory Usage: 29859248, More than initial: 4748600, dif: 123088
22/05/2019 09:33:10.415 - [te.view.MainFrameController$3.lambda$1] - [INFO] - Current file: valentine_gold-19_21_02.jpg
22/05/2019 09:33:10.415 - [te.util.ExiftoolRunner.writeMetadataToFile] - [INFO] - 
22/05/2019 09:33:10.415 - [te.util.ExiftoolRunner.writeMetadataToFile] - [INFO] - Запись метаданных в файл H:\Olya\jpg\gold_text - копия\2\valentine_gold-19_21_02.jpg
22/05/2019 09:33:10.444 - [te.util.ExiftoolRunner.writeMetadataToFile] - [INFO] - Exiftool exit code: 0
22/05/2019 09:33:10.445 - [te.util.ExiftoolRunner.writeMetadataToFile] - [INFO] - Decription: 
22/05/2019 09:33:10.445 - [te.util.ExiftoolRunner.writeMetadataToFile] - [INFO] - Keywords: cvbvcbcvbvcb
22/05/2019 09:33:10.446 - [te.util.ExiftoolRunner.writeMetadataToFile] - [INFO] - Title: 
22/05/2019 09:33:10.446 - [te.MemoryLogger.print] - [INFO] - Heap Memory Usage: 29982216, More than initial: 4871568, dif: 122968
22/05/2019 09:33:10.446 - [te.view.MainFrameController$3.lambda$1] - [INFO] - Current file: valentine_gold-15_16_02.jpg
22/05/2019 09:33:10.447 - [te.util.ExiftoolRunner.writeMetadataToFile] - [INFO] - 
22/05/2019 09:33:10.447 - [te.util.ExiftoolRunner.writeMetadataToFile] - [INFO] - Запись метаданных в файл H:\Olya\jpg\gold_text - копия\2\valentine_gold-15_16_02.jpg
22/05/2019 09:33:10.819 - [te.util.ExiftoolRunner.writeMetadataToFile] - [INFO] - Exiftool exit code: 0
22/05/2019 09:33:10.819 - [te.util.ExiftoolRunner.writeMetadataToFile] - [INFO] - Decription: 
22/05/2019 09:33:10.820 - [te.util.ExiftoolRunner.writeMetadataToFile] - [INFO] - Keywords: cvbvcbcvbvcb
22/05/2019 09:33:10.820 - [te.util.ExiftoolRunner.writeMetadataToFile] - [INFO] - Title: 
22/05/2019 09:33:10.821 - [te.MemoryLogger.print] - [INFO] - Heap Memory Usage: 30015224, More than initial: 4904576, dif: 33008
22/05/2019 09:33:10.821 - [te.view.MainFrameController$3.lambda$1] - [INFO] - Current file: valentine_gold-18_8_02.jpg
22/05/2019 09:33:10.821 - [te.util.ExiftoolRunner.writeMetadataToFile] - [INFO] - 
22/05/2019 09:33:10.822 - [te.util.ExiftoolRunner.writeMetadataToFile] - [INFO] - Запись метаданных в файл H:\Olya\jpg\gold_text - копия\2\valentine_gold-18_8_02.jpg
22/05/2019 09:33:11.893 - [te.util.ExiftoolRunner.writeMetadataToFile] - [INFO] - Exiftool exit code: 0
22/05/2019 09:33:11.894 - [te.util.ExiftoolRunner.writeMetadataToFile] - [INFO] - Decription: 
22/05/2019 09:33:11.894 - [te.util.ExiftoolRunner.writeMetadataToFile] - [INFO] - Keywords: cvbvcbcvbvcb
22/05/2019 09:33:11.894 - [te.util.ExiftoolRunner.writeMetadataToFile] - [INFO] - Title: 
22/05/2019 09:33:11.894 - [te.MemoryLogger.print] - [INFO] - Heap Memory Usage: 30193232, More than initial: 5082584, dif: 178008
22/05/2019 09:33:11.895 - [te.view.MainFrameController$3.lambda$1] - [INFO] - Current file: valentine_gold-19_15_02.jpg
22/05/2019 09:33:11.895 - [te.util.ExiftoolRunner.writeMetadataToFile] - [INFO] - 
22/05/2019 09:33:11.895 - [te.util.ExiftoolRunner.writeMetadataToFile] - [INFO] - Запись метаданных в файл H:\Olya\jpg\gold_text - копия\2\valentine_gold-19_15_02.jpg
22/05/2019 09:33:12.082 - [te.util.ExiftoolRunner.writeMetadataToFile] - [INFO] - Exiftool exit code: 0
22/05/2019 09:33:12.082 - [te.util.ExiftoolRunner.writeMetadataToFile] - [INFO] - Decription: 
22/05/2019 09:33:12.082 - [te.util.ExiftoolRunner.writeMetadataToFile] - [INFO] - Keywords: cvbvcbcvbvcb
22/05/2019 09:33:12.083 - [te.util.ExiftoolRunner.writeMetadataToFile] - [INFO] - Title: 
22/05/2019 09:33:12.083 - [te.MemoryLogger.print] - [INFO] - Heap Memory Usage: 30448720, More than initial: 5338072, dif: 255488
22/05/2019 09:33:12.083 - [te.view.MainFrameController$3.lambda$1] - [INFO] - Current file: valentine_gold-17_3_02.jpg
22/05/2019 09:33:12.084 - [te.util.ExiftoolRunner.writeMetadataToFile] - [INFO] - 
22/05/2019 09:33:12.084 - [te.util.ExiftoolRunner.writeMetadataToFile] - [INFO] - Запись метаданных в файл H:\Olya\jpg\gold_text - копия\2\valentine_gold-17_3_02.jpg
22/05/2019 09:33:12.181 - [te.util.ExiftoolRunner.writeMetadataToFile] - [INFO] - Exiftool exit code: 0
22/05/2019 09:33:12.181 - [te.util.ExiftoolRunner.writeMetadataToFile] - [INFO] - Decription: 
22/05/2019 09:33:12.181 - [te.util.ExiftoolRunner.writeMetadataToFile] - [INFO] - Keywords: cvbvcbcvbvcb
22/05/2019 09:33:12.182 - [te.util.ExiftoolRunner.writeMetadataToFile] - [INFO] - Title: 
22/05/2019 09:33:12.182 - [te.MemoryLogger.print] - [INFO] - Heap Memory Usage: 30563424, More than initial: 5452776, dif: 114704
22/05/2019 09:33:12.182 - [te.view.MainFrameController$3.lambda$1] - [INFO] - Current file: valentine_gold-14_17_02.jpg
22/05/2019 09:33:12.183 - [te.util.ExiftoolRunner.writeMetadataToFile] - [INFO] - 
22/05/2019 09:33:12.183 - [te.util.ExiftoolRunner.writeMetadataToFile] - [INFO] - Запись метаданных в файл H:\Olya\jpg\gold_text - копия\2\valentine_gold-14_17_02.jpg
22/05/2019 09:33:12.489 - [te.util.ExiftoolRunner.writeMetadataToFile] - [INFO] - Exiftool exit code: 0
22/05/2019 09:33:12.490 - [te.util.ExiftoolRunner.writeMetadataToFile] - [INFO] - Decription: 
22/05/2019 09:33:12.490 - [te.util.ExiftoolRunner.writeMetadataToFile] - [INFO] - Keywords: cvbvcbcvbvcb
22/05/2019 09:33:12.490 - [te.util.ExiftoolRunner.writeMetadataToFile] - [INFO] - Title: 
22/05/2019 09:33:12.491 - [te.MemoryLogger.print] - [INFO] - Heap Memory Usage: 30684288, More than initial: 5573640, dif: 120864
22/05/2019 09:33:12.492 - [te.view.MainFrameController$3.lambda$1] - [INFO] - Current file: valentine_gold-18_19_02.jpg
22/05/2019 09:33:12.493 - [te.util.ExiftoolRunner.writeMetadataToFile] - [INFO] - 
22/05/2019 09:33:12.493 - [te.util.ExiftoolRunner.writeMetadataToFile] - [INFO] - Запись метаданных в файл H:\Olya\jpg\gold_text - копия\2\valentine_gold-18_19_02.jpg
22/05/2019 09:33:13.518 - [te.util.ExiftoolRunner.writeMetadataToFile] - [INFO] - Exiftool exit code: 0
22/05/2019 09:33:13.518 - [te.util.ExiftoolRunner.writeMetadataToFile] - [INFO] - Decription: 
22/05/2019 09:33:13.519 - [te.util.ExiftoolRunner.writeMetadataToFile] - [INFO] - Keywords: cvbvcbcvbvcb
22/05/2019 09:33:13.519 - [te.util.ExiftoolRunner.writeMetadataToFile] - [INFO] - Title: 
22/05/2019 09:33:13.519 - [te.MemoryLogger.print] - [INFO] - Heap Memory Usage: 30868344, More than initial: 5757696, dif: 184056
22/05/2019 09:33:13.520 - [te.view.MainFrameController$3.lambda$1] - [INFO] - Current file: valentine_gold-19_10_02.jpg
22/05/2019 09:33:13.520 - [te.util.ExiftoolRunner.writeMetadataToFile] - [INFO] - 
22/05/2019 09:33:13.520 - [te.util.ExiftoolRunner.writeMetadataToFile] - [INFO] - Запись метаданных в файл H:\Olya\jpg\gold_text - копия\2\valentine_gold-19_10_02.jpg
22/05/2019 09:33:13.849 - [te.util.ExiftoolRunner.writeMetadataToFile] - [INFO] - Exiftool exit code: 0
22/05/2019 09:33:13.850 - [te.util.ExiftoolRunner.writeMetadataToFile] - [INFO] - Decription: 
22/05/2019 09:33:13.850 - [te.util.ExiftoolRunner.writeMetadataToFile] - [INFO] - Keywords: cvbvcbcvbvcb
22/05/2019 09:33:13.851 - [te.util.ExiftoolRunner.writeMetadataToFile] - [INFO] - Title: 
22/05/2019 09:33:13.851 - [te.MemoryLogger.print] - [INFO] - Heap Memory Usage: 30991208, More than initial: 5880560, dif: 122864
22/05/2019 09:33:13.851 - [te.view.MainFrameController$3.lambda$1] - [INFO] - Current file: valentine_gold-13_21_02.jpg
22/05/2019 09:33:13.852 - [te.util.ExiftoolRunner.writeMetadataToFile] - [INFO] - 
22/05/2019 09:33:13.852 - [te.util.ExiftoolRunner.writeMetadataToFile] - [INFO] - Запись метаданных в файл H:\Olya\jpg\gold_text - копия\2\valentine_gold-13_21_02.jpg
22/05/2019 09:33:14.024 - [te.util.ExiftoolRunner.writeMetadataToFile] - [INFO] - Exiftool exit code: 0
22/05/2019 09:33:14.025 - [te.util.ExiftoolRunner.writeMetadataToFile] - [INFO] - Decription: 
22/05/2019 09:33:14.025 - [te.util.ExiftoolRunner.writeMetadataToFile] - [INFO] - Keywords: cvbvcbcvbvcb
22/05/2019 09:33:14.025 - [te.util.ExiftoolRunner.writeMetadataToFile] - [INFO] - Title: 
22/05/2019 09:33:14.141 - [te.util.ExiftoolRunner.writeMetadataToFile] - [INFO] - Exiftool exit code: 0
22/05/2019 09:33:14.141 - [te.MemoryLogger.print] - [INFO] - Heap Memory Usage: 31067032, More than initial: 5956384, dif: 75824
22/05/2019 09:33:14.145 - [te.util.ExiftoolRunner.writeMetadataToFile] - [INFO] - Decription: 
22/05/2019 09:33:14.146 - [te.util.ExiftoolRunner.writeMetadataToFile] - [INFO] - Keywords: cvbvcbcvbvcb
22/05/2019 09:33:14.146 - [te.util.ExiftoolRunner.writeMetadataToFile] - [INFO] - Title: 
22/05/2019 09:33:14.147 - [te.MemoryLogger.print] - [INFO] - Heap Memory Usage: 23358904, More than initial: -1751744, dif: -7632304
22/05/2019 09:33:14.147 - [te.view.MainFrameController$3.lambda$1] - [INFO] - Current file: valentine_gold-18_18_02.jpg
22/05/2019 09:33:14.147 - [te.util.ExiftoolRunner.writeMetadataToFile] - [INFO] - 
22/05/2019 09:33:14.147 - [te.util.ExiftoolRunner.writeMetadataToFile] - [INFO] - Запись метаданных в файл H:\Olya\jpg\gold_text - копия\2\valentine_gold-18_18_02.jpg
22/05/2019 09:33:14.149 - [te.view.MainFrameController$3.lambda$1] - [INFO] - Current file: valentine_gold-17_22_02.jpg
22/05/2019 09:33:14.149 - [te.util.ExiftoolRunner.writeMetadataToFile] - [INFO] - 
22/05/2019 09:33:14.150 - [te.util.ExiftoolRunner.writeMetadataToFile] - [INFO] - Запись метаданных в файл H:\Olya\jpg\gold_text - копия\2\valentine_gold-17_22_02.jpg
22/05/2019 09:33:15.024 - [te.util.ExiftoolRunner.writeMetadataToFile] - [INFO] - Exiftool exit code: 0
22/05/2019 09:33:15.025 - [te.util.ExiftoolRunner.writeMetadataToFile] - [INFO] - Decription: 
22/05/2019 09:33:15.025 - [te.util.ExiftoolRunner.writeMetadataToFile] - [INFO] - Keywords: cvbvcbcvbvcb
22/05/2019 09:33:15.025 - [te.util.ExiftoolRunner.writeMetadataToFile] - [INFO] - Title: 
22/05/2019 09:33:15.026 - [te.MemoryLogger.print] - [INFO] - Heap Memory Usage: 23534624, More than initial: -1576024, dif: -7532408
22/05/2019 09:33:15.610 - [te.util.ExiftoolRunner.writeMetadataToFile] - [INFO] - Exiftool exit code: 0
22/05/2019 09:33:15.610 - [te.util.ExiftoolRunner.writeMetadataToFile] - [INFO] - Decription: 
22/05/2019 09:33:15.611 - [te.util.ExiftoolRunner.writeMetadataToFile] - [INFO] - Keywords: cvbvcbcvbvcb
22/05/2019 09:33:15.611 - [te.util.ExiftoolRunner.writeMetadataToFile] - [INFO] - Title: 
22/05/2019 09:33:15.611 - [te.MemoryLogger.print] - [INFO] - Heap Memory Usage: 23622440, More than initial: -1488208, dif: 87816
22/05/2019 09:33:15.740 - [te.util.ExiftoolRunner.writeMetadataToFile] - [INFO] - Exiftool exit code: 0
22/05/2019 09:33:15.741 - [te.util.ExiftoolRunner.writeMetadataToFile] - [INFO] - Decription: 
22/05/2019 09:33:15.741 - [te.util.ExiftoolRunner.writeMetadataToFile] - [INFO] - Keywords: cvbvcbcvbvcb
22/05/2019 09:33:15.741 - [te.util.ExiftoolRunner.writeMetadataToFile] - [INFO] - Title: Line 
22/05/2019 09:33:15.742 - [te.MemoryLogger.print] - [INFO] - Heap Memory Usage: 23713336, More than initial: -1397312, dif: 90896
22/05/2019 09:33:15.756 - [te.util.ExiftoolRunner.writeMetadataToFile] - [INFO] - Exiftool exit code: 0
22/05/2019 09:33:15.756 - [te.util.ExiftoolRunner.writeMetadataToFile] - [INFO] - Decription: 
22/05/2019 09:33:15.756 - [te.util.ExiftoolRunner.writeMetadataToFile] - [INFO] - Keywords: cvbvcbcvbvcb
22/05/2019 09:33:15.757 - [te.util.ExiftoolRunner.writeMetadataToFile] - [INFO] - Title: Set 
22/05/2019 09:33:15.757 - [te.MemoryLogger.print] - [INFO] - Heap Memory Usage: 23713472, More than initial: -1397176, dif: 136
22/05/2019 09:33:15.757 - [te.view.MainFrameController$3.call] - [INFO] - Finishing pre-oprateion, start writing files
22/05/2019 09:33:15.759 - [te.view.MainFrameController$3.lambda$1] - [INFO] - Current file: valentine_gold-13_6_02.jpg
22/05/2019 09:33:15.759 - [te.view.MainFrameController$3.lambda$1] - [INFO] - Current file: valentine_gold-13_16_02.jpg
22/05/2019 09:33:15.760 - [te.util.ExiftoolRunner.writeMetadataToFile] - [INFO] - 
22/05/2019 09:33:15.760 - [te.util.ExiftoolRunner.writeMetadataToFile] - [INFO] - 
22/05/2019 09:33:15.760 - [te.view.MainFrameController$3.lambda$1] - [INFO] - Current file: valentine_gold-13_15_02.jpg
22/05/2019 09:33:15.760 - [te.view.MainFrameController$3.lambda$1] - [INFO] - Current file: valentine_gold-13_3_02.jpg
22/05/2019 09:33:15.760 - [te.util.ExiftoolRunner.writeMetadataToFile] - [INFO] - 
22/05/2019 09:33:15.760 - [te.util.ExiftoolRunner.writeMetadataToFile] - [INFO] - Запись метаданных в файл H:\Olya\jpg\gold_text - копия\3\valentine_gold-13_16_02.jpg
22/05/2019 09:33:15.761 - [te.util.ExiftoolRunner.writeMetadataToFile] - [INFO] - Запись метаданных в файл H:\Olya\jpg\gold_text - копия\3\valentine_gold-13_15_02.jpg
22/05/2019 09:33:15.760 - [te.util.ExiftoolRunner.writeMetadataToFile] - [INFO] - Запись метаданных в файл H:\Olya\jpg\gold_text - копия\3\valentine_gold-13_6_02.jpg
22/05/2019 09:33:15.761 - [te.util.ExiftoolRunner.writeMetadataToFile] - [INFO] - 
22/05/2019 09:33:15.762 - [te.util.ExiftoolRunner.writeMetadataToFile] - [INFO] - Запись метаданных в файл H:\Olya\jpg\gold_text - копия\3\valentine_gold-13_3_02.jpg
22/05/2019 09:33:17.257 - [te.util.ExiftoolRunner.writeMetadataToFile] - [INFO] - Exiftool exit code: 0
22/05/2019 09:33:17.258 - [te.util.ExiftoolRunner.writeMetadataToFile] - [INFO] - Decription: 
22/05/2019 09:33:17.258 - [te.util.ExiftoolRunner.writeMetadataToFile] - [INFO] - Keywords: cvbvcbcvbvcb
22/05/2019 09:33:17.258 - [te.util.ExiftoolRunner.writeMetadataToFile] - [INFO] - Title: 
22/05/2019 09:33:17.258 - [te.MemoryLogger.print] - [INFO] - Heap Memory Usage: 24004784, More than initial: -1105864, dif: 291312
22/05/2019 09:33:17.259 - [te.view.MainFrameController$3.lambda$1] - [INFO] - Current file: valentine_gold-14_16_02.jpg
22/05/2019 09:33:17.259 - [te.util.ExiftoolRunner.writeMetadataToFile] - [INFO] - 
22/05/2019 09:33:17.260 - [te.util.ExiftoolRunner.writeMetadataToFile] - [INFO] - Запись метаданных в файл H:\Olya\jpg\gold_text - копия\3\valentine_gold-14_16_02.jpg
22/05/2019 09:33:17.365 - [te.util.ExiftoolRunner.writeMetadataToFile] - [INFO] - Exiftool exit code: 0
22/05/2019 09:33:17.365 - [te.util.ExiftoolRunner.writeMetadataToFile] - [INFO] - Decription: 
22/05/2019 09:33:17.366 - [te.util.ExiftoolRunner.writeMetadataToFile] - [INFO] - Keywords: cvbvcbcvbvcb
22/05/2019 09:33:17.366 - [te.util.ExiftoolRunner.writeMetadataToFile] - [INFO] - Title: 
22/05/2019 09:33:17.366 - [te.MemoryLogger.print] - [INFO] - Heap Memory Usage: 24117272, More than initial: -993376, dif: 112488
22/05/2019 09:33:17.367 - [te.view.MainFrameController$3.lambda$1] - [INFO] - Current file: valentine_gold-14_13_02.jpg
22/05/2019 09:33:17.367 - [te.util.ExiftoolRunner.writeMetadataToFile] - [INFO] - 
22/05/2019 09:33:17.367 - [te.util.ExiftoolRunner.writeMetadataToFile] - [INFO] - Запись метаданных в файл H:\Olya\jpg\gold_text - копия\3\valentine_gold-14_13_02.jpg
22/05/2019 09:33:17.412 - [te.util.ExiftoolRunner.writeMetadataToFile] - [INFO] - Exiftool exit code: 0
22/05/2019 09:33:17.412 - [te.util.ExiftoolRunner.writeMetadataToFile] - [INFO] - Decription: 
22/05/2019 09:33:17.413 - [te.util.ExiftoolRunner.writeMetadataToFile] - [INFO] - Keywords: cvbvcbcvbvcb
22/05/2019 09:33:17.413 - [te.util.ExiftoolRunner.writeMetadataToFile] - [INFO] - Title: 
22/05/2019 09:33:17.413 - [te.MemoryLogger.print] - [INFO] - Heap Memory Usage: 24240888, More than initial: -869760, dif: 123616
22/05/2019 09:33:17.618 - [te.util.ExiftoolRunner.writeMetadataToFile] - [INFO] - Exiftool exit code: 0
22/05/2019 09:33:17.618 - [te.util.ExiftoolRunner.writeMetadataToFile] - [INFO] - Decription: 
22/05/2019 09:33:17.618 - [te.util.ExiftoolRunner.writeMetadataToFile] - [INFO] - Keywords: cvbvcbcvbvcb
22/05/2019 09:33:17.619 - [te.util.ExiftoolRunner.writeMetadataToFile] - [INFO] - Title: 
22/05/2019 09:33:17.619 - [te.MemoryLogger.print] - [INFO] - Heap Memory Usage: 24330768, More than initial: -779880, dif: 89880
22/05/2019 09:33:18.437 - [te.util.ExiftoolRunner.writeMetadataToFile] - [INFO] - Exiftool exit code: 0
22/05/2019 09:33:18.437 - [te.util.ExiftoolRunner.writeMetadataToFile] - [INFO] - Decription: 
22/05/2019 09:33:18.437 - [te.util.ExiftoolRunner.writeMetadataToFile] - [INFO] - Keywords: cvbvcbcvbvcb
22/05/2019 09:33:18.438 - [te.util.ExiftoolRunner.writeMetadataToFile] - [INFO] - Title: 
22/05/2019 09:33:18.438 - [te.MemoryLogger.print] - [INFO] - Heap Memory Usage: 24632632, More than initial: -478016, dif: 301864
22/05/2019 09:33:18.494 - [te.util.ExiftoolRunner.writeMetadataToFile] - [INFO] - Exiftool exit code: 0
22/05/2019 09:33:18.495 - [te.util.ExiftoolRunner.writeMetadataToFile] - [INFO] - Decription: 
22/05/2019 09:33:18.495 - [te.util.ExiftoolRunner.writeMetadataToFile] - [INFO] - Keywords: cvbvcbcvbvcb
22/05/2019 09:33:18.495 - [te.util.ExiftoolRunner.writeMetadataToFile] - [INFO] - Title: 
22/05/2019 09:33:18.495 - [te.MemoryLogger.print] - [INFO] - Heap Memory Usage: 24722792, More than initial: -387856, dif: 90160
22/05/2019 09:33:18.496 - [te.view.MainFrameController$3.call] - [INFO] - Finishing pre-oprateion, start writing files
22/05/2019 09:33:18.496 - [te.view.MainFrameController$3.call] - [INFO] - Finish Writing metadata
22/05/2019 09:33:18.496 - [te.MemoryLogger.print] - [INFO] - Heap Memory Usage: 24722824, More than initial: -387824, dif: 32
22/05/2019 09:33:22.737 - [te.view.MainFrameController.writeMetadata] - [INFO] - Start Writing metadata
22/05/2019 09:33:22.738 - [te.MemoryLogger.print] - [INFO] - Heap Memory Usage: 26579632, More than initial: 1468984, dif: 1856808
22/05/2019 09:33:22.780 - [te.view.MainFrameController$3.lambda$1] - [INFO] - Current file: valentine_gold-16_19_02.jpg
22/05/2019 09:33:22.780 - [te.view.MainFrameController$3.lambda$1] - [INFO] - Current file: valentine_gold-14_21_02.jpg
22/05/2019 09:33:22.780 - [te.util.ExiftoolRunner.writeMetadataToFile] - [INFO] - 
22/05/2019 09:33:22.781 - [te.util.ExiftoolRunner.writeMetadataToFile] - [INFO] - Запись метаданных в файл H:\Olya\jpg\gold_text - копия\1\valentine_gold-16_19_02.jpg
22/05/2019 09:33:22.781 - [te.util.ExiftoolRunner.writeMetadataToFile] - [INFO] - 
22/05/2019 09:33:22.781 - [te.util.ExiftoolRunner.writeMetadataToFile] - [INFO] - Запись метаданных в файл H:\Olya\jpg\gold_text - копия\1\valentine_gold-14_21_02.jpg
22/05/2019 09:33:22.782 - [te.view.MainFrameController$3.lambda$1] - [INFO] - Current file: valentine_gold-18_12_02.jpg
22/05/2019 09:33:22.782 - [te.util.ExiftoolRunner.writeMetadataToFile] - [INFO] - 
22/05/2019 09:33:22.783 - [te.util.ExiftoolRunner.writeMetadataToFile] - [INFO] - Запись метаданных в файл H:\Olya\jpg\gold_text - копия\1\valentine_gold-18_12_02.jpg
22/05/2019 09:33:22.783 - [te.view.MainFrameController$3.lambda$1] - [INFO] - Current file: valentine_gold-17_17_02.jpg
22/05/2019 09:33:22.783 - [te.util.ExiftoolRunner.writeMetadataToFile] - [INFO] - 
22/05/2019 09:33:22.784 - [te.util.ExiftoolRunner.writeMetadataToFile] - [INFO] - Запись метаданных в файл H:\Olya\jpg\gold_text - копия\1\valentine_gold-17_17_02.jpg
22/05/2019 09:33:24.480 - [te.util.ExiftoolRunner.writeMetadataToFile] - [INFO] - Exiftool exit code: 0
22/05/2019 09:33:24.480 - [te.util.ExiftoolRunner.writeMetadataToFile] - [INFO] - Decription: 
22/05/2019 09:33:24.480 - [te.util.ExiftoolRunner.writeMetadataToFile] - [INFO] - Keywords: cvbvcbcvbvcb
22/05/2019 09:33:24.480 - [te.util.ExiftoolRunner.writeMetadataToFile] - [INFO] - Title: Minimalist trendy cover. Line 
22/05/2019 09:33:24.481 - [te.MemoryLogger.print] - [INFO] - Heap Memory Usage: 29107280, More than initial: 3996632, dif: 2527648
22/05/2019 09:33:24.481 - [te.view.MainFrameController$3.lambda$1] - [INFO] - Current file: valentine_gold-18_15_02.jpg
22/05/2019 09:33:24.481 - [te.util.ExiftoolRunner.writeMetadataToFile] - [INFO] - 
22/05/2019 09:33:24.481 - [te.util.ExiftoolRunner.writeMetadataToFile] - [INFO] - Запись метаданных в файл H:\Olya\jpg\gold_text - копия\1\valentine_gold-18_15_02.jpg
22/05/2019 09:33:24.709 - [te.util.ExiftoolRunner.writeMetadataToFile] - [INFO] - Exiftool exit code: 0
22/05/2019 09:33:24.709 - [te.util.ExiftoolRunner.writeMetadataToFile] - [INFO] - Decription: 
22/05/2019 09:33:24.709 - [te.util.ExiftoolRunner.writeMetadataToFile] - [INFO] - Keywords: cvbvcbcvbvcb
22/05/2019 09:33:24.710 - [te.util.ExiftoolRunner.writeMetadataToFile] - [INFO] - Title: Line geometric elements. 
22/05/2019 09:33:24.710 - [te.MemoryLogger.print] - [INFO] - Heap Memory Usage: 29238232, More than initial: 4127584, dif: 130952
22/05/2019 09:33:24.710 - [te.view.MainFrameController$3.lambda$1] - [INFO] - Current file: valentine_gold-15_20_02.jpg
22/05/2019 09:33:24.710 - [te.util.ExiftoolRunner.writeMetadataToFile] - [INFO] - 
22/05/2019 09:33:24.711 - [te.util.ExiftoolRunner.writeMetadataToFile] - [INFO] - Запись метаданных в файл H:\Olya\jpg\gold_text - копия\1\valentine_gold-15_20_02.jpg
22/05/2019 09:33:24.737 - [te.util.ExiftoolRunner.writeMetadataToFile] - [INFO] - Exiftool exit code: 0
22/05/2019 09:33:24.737 - [te.util.ExiftoolRunner.writeMetadataToFile] - [INFO] - Decription: 
22/05/2019 09:33:24.737 - [te.util.ExiftoolRunner.writeMetadataToFile] - [INFO] - Keywords: cvbvcbcvbvcb
22/05/2019 09:33:24.738 - [te.util.ExiftoolRunner.writeMetadataToFile] - [INFO] - Title: Poster design modern. 
22/05/2019 09:33:24.738 - [te.MemoryLogger.print] - [INFO] - Heap Memory Usage: 29409432, More than initial: 4298784, dif: 171200
22/05/2019 09:33:24.738 - [te.view.MainFrameController$3.lambda$1] - [INFO] - Current file: valentine_gold-17_16_02.jpg
22/05/2019 09:33:24.739 - [te.util.ExiftoolRunner.writeMetadataToFile] - [INFO] - 
22/05/2019 09:33:24.739 - [te.util.ExiftoolRunner.writeMetadataToFile] - [INFO] - Запись метаданных в файл H:\Olya\jpg\gold_text - копия\1\valentine_gold-17_16_02.jpg
22/05/2019 09:33:24.816 - [te.util.ExiftoolRunner.writeMetadataToFile] - [INFO] - Exiftool exit code: 0
22/05/2019 09:33:24.816 - [te.util.ExiftoolRunner.writeMetadataToFile] - [INFO] - Decription: 
22/05/2019 09:33:24.817 - [te.util.ExiftoolRunner.writeMetadataToFile] - [INFO] - Keywords: cvbvcbcvbvcb
22/05/2019 09:33:24.817 - [te.util.ExiftoolRunner.writeMetadataToFile] - [INFO] - Title: Corporate brochure cover 
22/05/2019 09:33:24.817 - [te.MemoryLogger.print] - [INFO] - Heap Memory Usage: 29523024, More than initial: 4412376, dif: 113592
22/05/2019 09:33:24.817 - [te.view.MainFrameController$3.lambda$1] - [INFO] - Current file: valentine_gold-14_9_02.jpg
22/05/2019 09:33:24.818 - [te.util.ExiftoolRunner.writeMetadataToFile] - [INFO] - 
22/05/2019 09:33:24.818 - [te.util.ExiftoolRunner.writeMetadataToFile] - [INFO] - Запись метаданных в файл H:\Olya\jpg\gold_text - копия\1\valentine_gold-14_9_02.jpg
22/05/2019 09:33:26.196 - [te.util.ExiftoolRunner.writeMetadataToFile] - [INFO] - Exiftool exit code: 0
22/05/2019 09:33:26.196 - [te.util.ExiftoolRunner.writeMetadataToFile] - [INFO] - Decription: 
22/05/2019 09:33:26.196 - [te.util.ExiftoolRunner.writeMetadataToFile] - [INFO] - Keywords: cvbvcbcvbvcb
22/05/2019 09:33:26.197 - [te.util.ExiftoolRunner.writeMetadataToFile] - [INFO] - Title: Corporate brochure cover 
22/05/2019 09:33:26.197 - [te.MemoryLogger.print] - [INFO] - Heap Memory Usage: 29631312, More than initial: 4520664, dif: 108288
22/05/2019 09:33:26.197 - [te.view.MainFrameController$3.lambda$1] - [INFO] - Current file: valentine_gold-14_15_02.jpg
22/05/2019 09:33:26.198 - [te.util.ExiftoolRunner.writeMetadataToFile] - [INFO] - 
22/05/2019 09:33:26.198 - [te.util.ExiftoolRunner.writeMetadataToFile] - [INFO] - Запись метаданных в файл H:\Olya\jpg\gold_text - копия\1\valentine_gold-14_15_02.jpg
22/05/2019 09:33:26.428 - [te.util.ExiftoolRunner.writeMetadataToFile] - [INFO] - Exiftool exit code: 0
22/05/2019 09:33:26.428 - [te.util.ExiftoolRunner.writeMetadataToFile] - [INFO] - Decription: 
22/05/2019 09:33:26.428 - [te.util.ExiftoolRunner.writeMetadataToFile] - [INFO] - Keywords: cvbvcbcvbvcb
22/05/2019 09:33:26.429 - [te.util.ExiftoolRunner.writeMetadataToFile] - [INFO] - Title: Abstract shapes cover. 
22/05/2019 09:33:26.429 - [te.MemoryLogger.print] - [INFO] - Heap Memory Usage: 29781672, More than initial: 4671024, dif: 150360
22/05/2019 09:33:26.429 - [te.view.MainFrameController$3.lambda$1] - [INFO] - Current file: valentine_gold-14_6_02.jpg
22/05/2019 09:33:26.430 - [te.util.ExiftoolRunner.writeMetadataToFile] - [INFO] - 
22/05/2019 09:33:26.430 - [te.util.ExiftoolRunner.writeMetadataToFile] - [INFO] - Запись метаданных в файл H:\Olya\jpg\gold_text - копия\1\valentine_gold-14_6_02.jpg
22/05/2019 09:33:26.686 - [te.util.ExiftoolRunner.writeMetadataToFile] - [INFO] - Exiftool exit code: 0
22/05/2019 09:33:26.687 - [te.util.ExiftoolRunner.writeMetadataToFile] - [INFO] - Decription: 
22/05/2019 09:33:26.687 - [te.util.ExiftoolRunner.writeMetadataToFile] - [INFO] - Keywords: cvbvcbcvbvcb
22/05/2019 09:33:26.687 - [te.util.ExiftoolRunner.writeMetadataToFile] - [INFO] - Title: Gradient cover template. Line 
22/05/2019 09:33:26.687 - [te.MemoryLogger.print] - [INFO] - Heap Memory Usage: 29958696, More than initial: 4848048, dif: 177024
22/05/2019 09:33:26.687 - [te.view.MainFrameController$3.lambda$1] - [INFO] - Current file: valentine_gold-13_17_02.jpg
22/05/2019 09:33:26.688 - [te.util.ExiftoolRunner.writeMetadataToFile] - [INFO] - 
22/05/2019 09:33:26.688 - [te.util.ExiftoolRunner.writeMetadataToFile] - [INFO] - Запись метаданных в файл H:\Olya\jpg\gold_text - копия\1\valentine_gold-13_17_02.jpg
22/05/2019 09:33:26.730 - [te.util.ExiftoolRunner.writeMetadataToFile] - [INFO] - Exiftool exit code: 0
22/05/2019 09:33:26.730 - [te.util.ExiftoolRunner.writeMetadataToFile] - [INFO] - Decription: 
22/05/2019 09:33:26.730 - [te.util.ExiftoolRunner.writeMetadataToFile] - [INFO] - Keywords: cvbvcbcvbvcb
22/05/2019 09:33:26.731 - [te.util.ExiftoolRunner.writeMetadataToFile] - [INFO] - Title: Corporate brochure cover 
22/05/2019 09:33:26.731 - [te.MemoryLogger.print] - [INFO] - Heap Memory Usage: 30135216, More than initial: 5024568, dif: 176520
22/05/2019 09:33:27.766 - [te.util.ExiftoolRunner.writeMetadataToFile] - [INFO] - Exiftool exit code: 0
22/05/2019 09:33:27.767 - [te.util.ExiftoolRunner.writeMetadataToFile] - [INFO] - Decription: 
22/05/2019 09:33:27.767 - [te.util.ExiftoolRunner.writeMetadataToFile] - [INFO] - Keywords: cvbvcbcvbvcb
22/05/2019 09:33:27.767 - [te.util.ExiftoolRunner.writeMetadataToFile] - [INFO] - Title: Gradient cover template. Line 
22/05/2019 09:33:27.767 - [te.MemoryLogger.print] - [INFO] - Heap Memory Usage: 30210448, More than initial: 5099800, dif: 75232
22/05/2019 09:33:27.922 - [te.util.ExiftoolRunner.writeMetadataToFile] - [INFO] - Exiftool exit code: 0
22/05/2019 09:33:27.922 - [te.util.ExiftoolRunner.writeMetadataToFile] - [INFO] - Decription: 
22/05/2019 09:33:27.922 - [te.util.ExiftoolRunner.writeMetadataToFile] - [INFO] - Keywords: cvbvcbcvbvcb
22/05/2019 09:33:27.923 - [te.util.ExiftoolRunner.writeMetadataToFile] - [INFO] - Title: Music cover. Minimalist 
22/05/2019 09:33:27.923 - [te.MemoryLogger.print] - [INFO] - Heap Memory Usage: 30287840, More than initial: 5177192, dif: 77392
22/05/2019 09:33:28.046 - [te.util.ExiftoolRunner.writeMetadataToFile] - [INFO] - Exiftool exit code: 0
22/05/2019 09:33:28.047 - [te.util.ExiftoolRunner.writeMetadataToFile] - [INFO] - Decription: 
22/05/2019 09:33:28.047 - [te.util.ExiftoolRunner.writeMetadataToFile] - [INFO] - Keywords: cvbvcbcvbvcb
22/05/2019 09:33:28.047 - [te.util.ExiftoolRunner.writeMetadataToFile] - [INFO] - Title: Set brochure. Minimalist 
22/05/2019 09:33:28.047 - [te.MemoryLogger.print] - [INFO] - Heap Memory Usage: 30375680, More than initial: 5265032, dif: 87840
22/05/2019 09:33:28.048 - [te.view.MainFrameController$3.call] - [INFO] - Finishing pre-oprateion, start writing files
22/05/2019 09:33:28.049 - [te.view.MainFrameController$3.lambda$1] - [INFO] - Current file: valentine_gold-18_21_02.jpg
22/05/2019 09:33:28.049 - [te.view.MainFrameController$3.lambda$1] - [INFO] - Current file: valentine_gold-18_19_02.jpg
22/05/2019 09:33:28.049 - [te.view.MainFrameController$3.lambda$1] - [INFO] - Current file: valentine_gold-19_16_02.jpg
22/05/2019 09:33:28.049 - [te.view.MainFrameController$3.lambda$1] - [INFO] - Current file: valentine_gold-17_21_02.jpg
22/05/2019 09:33:28.049 - [te.util.ExiftoolRunner.writeMetadataToFile] - [INFO] - 
22/05/2019 09:33:28.050 - [te.util.ExiftoolRunner.writeMetadataToFile] - [INFO] - Запись метаданных в файл H:\Olya\jpg\gold_text - копия\2\valentine_gold-18_21_02.jpg
22/05/2019 09:33:28.050 - [te.util.ExiftoolRunner.writeMetadataToFile] - [INFO] - 
22/05/2019 09:33:28.050 - [te.util.ExiftoolRunner.writeMetadataToFile] - [INFO] - 
22/05/2019 09:33:28.050 - [te.util.ExiftoolRunner.writeMetadataToFile] - [INFO] - 
22/05/2019 09:33:28.050 - [te.util.ExiftoolRunner.writeMetadataToFile] - [INFO] - Запись метаданных в файл H:\Olya\jpg\gold_text - копия\2\valentine_gold-17_21_02.jpg
22/05/2019 09:33:28.051 - [te.util.ExiftoolRunner.writeMetadataToFile] - [INFO] - Запись метаданных в файл H:\Olya\jpg\gold_text - копия\2\valentine_gold-19_16_02.jpg
22/05/2019 09:33:28.051 - [te.util.ExiftoolRunner.writeMetadataToFile] - [INFO] - Запись метаданных в файл H:\Olya\jpg\gold_text - копия\2\valentine_gold-18_19_02.jpg
22/05/2019 09:33:29.744 - [te.util.ExiftoolRunner.writeMetadataToFile] - [INFO] - Exiftool exit code: 0
22/05/2019 09:33:29.745 - [te.util.ExiftoolRunner.writeMetadataToFile] - [INFO] - Decription: 
22/05/2019 09:33:29.745 - [te.util.ExiftoolRunner.writeMetadataToFile] - [INFO] - Keywords: cvbvcbcvbvcb
22/05/2019 09:33:29.745 - [te.util.ExiftoolRunner.writeMetadataToFile] - [INFO] - Title: Design magazine cover. 
22/05/2019 09:33:29.745 - [te.MemoryLogger.print] - [INFO] - Heap Memory Usage: 30591832, More than initial: 5481184, dif: 216152
22/05/2019 09:33:29.745 - [te.view.MainFrameController$3.lambda$1] - [INFO] - Current file: valentine_gold-18_8_02.jpg
22/05/2019 09:33:29.746 - [te.util.ExiftoolRunner.writeMetadataToFile] - [INFO] - 
22/05/2019 09:33:29.746 - [te.util.ExiftoolRunner.writeMetadataToFile] - [INFO] - Запись метаданных в файл H:\Olya\jpg\gold_text - копия\2\valentine_gold-18_8_02.jpg
22/05/2019 09:33:29.841 - [te.util.ExiftoolRunner.writeMetadataToFile] - [INFO] - Exiftool exit code: 0
22/05/2019 09:33:29.841 - [te.util.ExiftoolRunner.writeMetadataToFile] - [INFO] - Decription: 
22/05/2019 09:33:29.841 - [te.util.ExiftoolRunner.writeMetadataToFile] - [INFO] - Keywords: cvbvcbcvbvcb
22/05/2019 09:33:29.841 - [te.util.ExiftoolRunner.writeMetadataToFile] - [INFO] - Title: Gradient cover template. Line 
22/05/2019 09:33:29.842 - [te.MemoryLogger.print] - [INFO] - Heap Memory Usage: 30705272, More than initial: 5594624, dif: 113440
22/05/2019 09:33:29.842 - [te.view.MainFrameController$3.lambda$1] - [INFO] - Current file: valentine_gold-19_21_02.jpg
22/05/2019 09:33:29.842 - [te.util.ExiftoolRunner.writeMetadataToFile] - [INFO] - 
22/05/2019 09:33:29.843 - [te.util.ExiftoolRunner.writeMetadataToFile] - [INFO] - Запись метаданных в файл H:\Olya\jpg\gold_text - копия\2\valentine_gold-19_21_02.jpg
22/05/2019 09:33:29.848 - [te.util.ExiftoolRunner.writeMetadataToFile] - [INFO] - Exiftool exit code: 0
22/05/2019 09:33:29.849 - [te.util.ExiftoolRunner.writeMetadataToFile] - [INFO] - Decription: 
22/05/2019 09:33:29.849 - [te.util.ExiftoolRunner.writeMetadataToFile] - [INFO] - Keywords: cvbvcbcvbvcb
22/05/2019 09:33:29.849 - [te.util.ExiftoolRunner.writeMetadataToFile] - [INFO] - Title: Set brochure. Minimalist 
22/05/2019 09:33:29.850 - [te.MemoryLogger.print] - [INFO] - Heap Memory Usage: 30889848, More than initial: 5779200, dif: 184576
22/05/2019 09:33:29.850 - [te.view.MainFrameController$3.lambda$1] - [INFO] - Current file: valentine_gold-18_18_02.jpg
22/05/2019 09:33:29.850 - [te.util.ExiftoolRunner.writeMetadataToFile] - [INFO] - 
22/05/2019 09:33:29.851 - [te.util.ExiftoolRunner.writeMetadataToFile] - [INFO] - Запись метаданных в файл H:\Olya\jpg\gold_text - копия\2\valentine_gold-18_18_02.jpg
22/05/2019 09:33:30.233 - [te.util.ExiftoolRunner.writeMetadataToFile] - [INFO] - Exiftool exit code: 0
22/05/2019 09:33:30.233 - [te.util.ExiftoolRunner.writeMetadataToFile] - [INFO] - Decription: 
22/05/2019 09:33:30.233 - [te.util.ExiftoolRunner.writeMetadataToFile] - [INFO] - Keywords: cvbvcbcvbvcb
22/05/2019 09:33:30.233 - [te.util.ExiftoolRunner.writeMetadataToFile] - [INFO] - Title: Abstract shapes cover. 
22/05/2019 09:33:30.234 - [te.MemoryLogger.print] - [INFO] - Heap Memory Usage: 30998016, More than initial: 5887368, dif: 108168
22/05/2019 09:33:30.234 - [te.view.MainFrameController$3.lambda$1] - [INFO] - Current file: valentine_gold-17_19_02.jpg
22/05/2019 09:33:30.236 - [te.util.ExiftoolRunner.writeMetadataToFile] - [INFO] - 
22/05/2019 09:33:30.237 - [te.util.ExiftoolRunner.writeMetadataToFile] - [INFO] - Запись метаданных в файл H:\Olya\jpg\gold_text - копия\2\valentine_gold-17_19_02.jpg
22/05/2019 09:33:31.605 - [te.util.ExiftoolRunner.writeMetadataToFile] - [INFO] - Exiftool exit code: 0
22/05/2019 09:33:31.606 - [te.util.ExiftoolRunner.writeMetadataToFile] - [INFO] - Decription: 
22/05/2019 09:33:31.606 - [te.util.ExiftoolRunner.writeMetadataToFile] - [INFO] - Keywords: cvbvcbcvbvcb
22/05/2019 09:33:31.606 - [te.util.ExiftoolRunner.writeMetadataToFile] - [INFO] - Title: Abstract shapes cover. 
22/05/2019 09:33:31.607 - [te.MemoryLogger.print] - [INFO] - Heap Memory Usage: 31162976, More than initial: 6052328, dif: 164960
22/05/2019 09:33:31.607 - [te.view.MainFrameController$3.lambda$1] - [INFO] - Current file: valentine_gold-19_15_02.jpg
22/05/2019 09:33:31.607 - [te.util.ExiftoolRunner.writeMetadataToFile] - [INFO] - 
22/05/2019 09:33:31.607 - [te.util.ExiftoolRunner.writeMetadataToFile] - [INFO] - Запись метаданных в файл H:\Olya\jpg\gold_text - копия\2\valentine_gold-19_15_02.jpg
22/05/2019 09:33:31.628 - [te.util.ExiftoolRunner.writeMetadataToFile] - [INFO] - Exiftool exit code: 0
22/05/2019 09:33:31.628 - [te.util.ExiftoolRunner.writeMetadataToFile] - [INFO] - Decription: 
22/05/2019 09:33:31.628 - [te.util.ExiftoolRunner.writeMetadataToFile] - [INFO] - Keywords: cvbvcbcvbvcb
22/05/2019 09:33:31.629 - [te.util.ExiftoolRunner.writeMetadataToFile] - [INFO] - Title: Minimalist trendy cover. Line 
22/05/2019 09:33:31.629 - [te.MemoryLogger.print] - [INFO] - Heap Memory Usage: 31195984, More than initial: 6085336, dif: 33008
22/05/2019 09:33:31.629 - [te.view.MainFrameController$3.lambda$1] - [INFO] - Current file: valentine_gold-19_10_02.jpg
22/05/2019 09:33:31.630 - [te.util.ExiftoolRunner.writeMetadataToFile] - [INFO] - 
22/05/2019 09:33:31.630 - [te.util.ExiftoolRunner.writeMetadataToFile] - [INFO] - Запись метаданных в файл H:\Olya\jpg\gold_text - копия\2\valentine_gold-19_10_02.jpg
22/05/2019 09:33:31.773 - [te.util.ExiftoolRunner.writeMetadataToFile] - [INFO] - Exiftool exit code: 0
22/05/2019 09:33:31.773 - [te.util.ExiftoolRunner.writeMetadataToFile] - [INFO] - Decription: 
22/05/2019 09:33:31.773 - [te.util.ExiftoolRunner.writeMetadataToFile] - [INFO] - Keywords: cvbvcbcvbvcb
22/05/2019 09:33:31.774 - [te.util.ExiftoolRunner.writeMetadataToFile] - [INFO] - Title: Design magazine cover. 
22/05/2019 09:33:31.774 - [te.MemoryLogger.print] - [INFO] - Heap Memory Usage: 31359864, More than initial: 6249216, dif: 163880
22/05/2019 09:33:31.774 - [te.view.MainFrameController$3.lambda$1] - [INFO] - Current file: valentine_gold-14_18_02.jpg
22/05/2019 09:33:31.775 - [te.util.ExiftoolRunner.writeMetadataToFile] - [INFO] - 
22/05/2019 09:33:31.775 - [te.util.ExiftoolRunner.writeMetadataToFile] - [INFO] - Запись метаданных в файл H:\Olya\jpg\gold_text - копия\2\valentine_gold-14_18_02.jpg
22/05/2019 09:33:31.923 - [te.util.ExiftoolRunner.writeMetadataToFile] - [INFO] - Exiftool exit code: 0
22/05/2019 09:33:31.923 - [te.util.ExiftoolRunner.writeMetadataToFile] - [INFO] - Decription: 
22/05/2019 09:33:31.924 - [te.util.ExiftoolRunner.writeMetadataToFile] - [INFO] - Keywords: cvbvcbcvbvcb
22/05/2019 09:33:31.924 - [te.util.ExiftoolRunner.writeMetadataToFile] - [INFO] - Title: Design magazine cover. 
22/05/2019 09:33:31.924 - [te.MemoryLogger.print] - [INFO] - Heap Memory Usage: 31518320, More than initial: 6407672, dif: 158456
22/05/2019 09:33:31.924 - [te.view.MainFrameController$3.lambda$1] - [INFO] - Current file: valentine_gold-17_3_02.jpg
22/05/2019 09:33:31.925 - [te.util.ExiftoolRunner.writeMetadataToFile] - [INFO] - 
22/05/2019 09:33:31.925 - [te.util.ExiftoolRunner.writeMetadataToFile] - [INFO] - Запись метаданных в файл H:\Olya\jpg\gold_text - копия\2\valentine_gold-17_3_02.jpg
22/05/2019 09:33:33.500 - [te.util.ExiftoolRunner.writeMetadataToFile] - [INFO] - Exiftool exit code: 0
22/05/2019 09:33:33.500 - [te.util.ExiftoolRunner.writeMetadataToFile] - [INFO] - Decription: 
22/05/2019 09:33:33.500 - [te.util.ExiftoolRunner.writeMetadataToFile] - [INFO] - Keywords: cvbvcbcvbvcb
22/05/2019 09:33:33.501 - [te.util.ExiftoolRunner.writeMetadataToFile] - [INFO] - Title: Corporate brochure cover 
22/05/2019 09:33:33.501 - [te.MemoryLogger.print] - [INFO] - Heap Memory Usage: 31618440, More than initial: 6507792, dif: 100120
22/05/2019 09:33:33.501 - [te.view.MainFrameController$3.lambda$1] - [INFO] - Current file: valentine_gold-17_22_02.jpg
22/05/2019 09:33:33.501 - [te.util.ExiftoolRunner.writeMetadataToFile] - [INFO] - 
22/05/2019 09:33:33.502 - [te.util.ExiftoolRunner.writeMetadataToFile] - [INFO] - Запись метаданных в файл H:\Olya\jpg\gold_text - копия\2\valentine_gold-17_22_02.jpg
22/05/2019 09:33:33.542 - [te.util.ExiftoolRunner.writeMetadataToFile] - [INFO] - Exiftool exit code: 0
22/05/2019 09:33:33.542 - [te.util.ExiftoolRunner.writeMetadataToFile] - [INFO] - Decription: 
22/05/2019 09:33:33.543 - [te.util.ExiftoolRunner.writeMetadataToFile] - [INFO] - Keywords: cvbvcbcvbvcb
22/05/2019 09:33:33.543 - [te.util.ExiftoolRunner.writeMetadataToFile] - [INFO] - Title: Minimalist trendy cover. Line 
22/05/2019 09:33:33.543 - [te.MemoryLogger.print] - [INFO] - Heap Memory Usage: 31790480, More than initial: 6679832, dif: 172040
22/05/2019 09:33:33.543 - [te.view.MainFrameController$3.lambda$1] - [INFO] - Current file: valentine_gold-14_17_02.jpg
22/05/2019 09:33:33.544 - [te.util.ExiftoolRunner.writeMetadataToFile] - [INFO] - 
22/05/2019 09:33:33.544 - [te.util.ExiftoolRunner.writeMetadataToFile] - [INFO] - Запись метаданных в файл H:\Olya\jpg\gold_text - копия\2\valentine_gold-14_17_02.jpg
22/05/2019 09:33:33.567 - [te.util.ExiftoolRunner.writeMetadataToFile] - [INFO] - Exiftool exit code: 0
22/05/2019 09:33:33.567 - [te.util.ExiftoolRunner.writeMetadataToFile] - [INFO] - Decription: 
22/05/2019 09:33:33.568 - [te.util.ExiftoolRunner.writeMetadataToFile] - [INFO] - Keywords: cvbvcbcvbvcb
22/05/2019 09:33:33.568 - [te.util.ExiftoolRunner.writeMetadataToFile] - [INFO] - Title: Line geometric elements. 
22/05/2019 09:33:33.568 - [te.MemoryLogger.print] - [INFO] - Heap Memory Usage: 31807096, More than initial: 6696448, dif: 16616
22/05/2019 09:33:33.568 - [te.view.MainFrameController$3.lambda$1] - [INFO] - Current file: valentine_gold-15_16_02.jpg
22/05/2019 09:33:33.569 - [te.util.ExiftoolRunner.writeMetadataToFile] - [INFO] - 
22/05/2019 09:33:33.569 - [te.util.ExiftoolRunner.writeMetadataToFile] - [INFO] - Запись метаданных в файл H:\Olya\jpg\gold_text - копия\2\valentine_gold-15_16_02.jpg
22/05/2019 09:33:33.702 - [te.util.ExiftoolRunner.writeMetadataToFile] - [INFO] - Exiftool exit code: 0
22/05/2019 09:33:33.702 - [te.util.ExiftoolRunner.writeMetadataToFile] - [INFO] - Decription: 
22/05/2019 09:33:33.703 - [te.util.ExiftoolRunner.writeMetadataToFile] - [INFO] - Keywords: cvbvcbcvbvcb
22/05/2019 09:33:33.703 - [te.util.ExiftoolRunner.writeMetadataToFile] - [INFO] - Title: Abstract shapes cover. 
22/05/2019 09:33:33.703 - [te.MemoryLogger.print] - [INFO] - Heap Memory Usage: 32200424, More than initial: 7089776, dif: 393328
22/05/2019 09:33:33.703 - [te.view.MainFrameController$3.lambda$1] - [INFO] - Current file: valentine_gold-13_21_02.jpg
22/05/2019 09:33:33.705 - [te.util.ExiftoolRunner.writeMetadataToFile] - [INFO] - 
22/05/2019 09:33:33.705 - [te.util.ExiftoolRunner.writeMetadataToFile] - [INFO] - Запись метаданных в файл H:\Olya\jpg\gold_text - копия\2\valentine_gold-13_21_02.jpg
22/05/2019 09:33:35.201 - [te.util.ExiftoolRunner.writeMetadataToFile] - [INFO] - Exiftool exit code: 0
22/05/2019 09:33:35.202 - [te.util.ExiftoolRunner.writeMetadataToFile] - [INFO] - Decription: 
22/05/2019 09:33:35.202 - [te.util.ExiftoolRunner.writeMetadataToFile] - [INFO] - Keywords: cvbvcbcvbvcb
22/05/2019 09:33:35.202 - [te.util.ExiftoolRunner.writeMetadataToFile] - [INFO] - Title: Music cover. Minimalist 
22/05/2019 09:33:35.203 - [te.MemoryLogger.print] - [INFO] - Heap Memory Usage: 32322032, More than initial: 7211384, dif: 121608
22/05/2019 09:33:35.290 - [te.util.ExiftoolRunner.writeMetadataToFile] - [INFO] - Exiftool exit code: 0
22/05/2019 09:33:35.290 - [te.util.ExiftoolRunner.writeMetadataToFile] - [INFO] - Decription: 
22/05/2019 09:33:35.290 - [te.util.ExiftoolRunner.writeMetadataToFile] - [INFO] - Keywords: cvbvcbcvbvcb
22/05/2019 09:33:35.290 - [te.util.ExiftoolRunner.writeMetadataToFile] - [INFO] - Title: Gradient cover template. Line 
22/05/2019 09:33:35.291 - [te.MemoryLogger.print] - [INFO] - Heap Memory Usage: 32322464, More than initial: 7211816, dif: 432
22/05/2019 09:33:35.314 - [te.util.ExiftoolRunner.writeMetadataToFile] - [INFO] - Exiftool exit code: 0
22/05/2019 09:33:35.314 - [te.util.ExiftoolRunner.writeMetadataToFile] - [INFO] - Decription: 
22/05/2019 09:33:35.315 - [te.util.ExiftoolRunner.writeMetadataToFile] - [INFO] - Keywords: cvbvcbcvbvcb
22/05/2019 09:33:35.315 - [te.util.ExiftoolRunner.writeMetadataToFile] - [INFO] - Title: Set brochure. Minimalist 
22/05/2019 09:33:35.315 - [te.MemoryLogger.print] - [INFO] - Heap Memory Usage: 32474848, More than initial: 7364200, dif: 152384
22/05/2019 09:33:35.388 - [te.util.ExiftoolRunner.writeMetadataToFile] - [INFO] - Exiftool exit code: 0
22/05/2019 09:33:35.388 - [te.util.ExiftoolRunner.writeMetadataToFile] - [INFO] - Decription: 
22/05/2019 09:33:35.388 - [te.util.ExiftoolRunner.writeMetadataToFile] - [INFO] - Keywords: cvbvcbcvbvcb
22/05/2019 09:33:35.388 - [te.util.ExiftoolRunner.writeMetadataToFile] - [INFO] - Title: Modern catalog.Minimalist 
22/05/2019 09:33:35.389 - [te.MemoryLogger.print] - [INFO] - Heap Memory Usage: 32564920, More than initial: 7454272, dif: 90072
22/05/2019 09:33:35.389 - [te.view.MainFrameController$3.call] - [INFO] - Finishing pre-oprateion, start writing files
22/05/2019 09:33:35.389 - [te.view.MainFrameController$3.lambda$1] - [INFO] - Current file: valentine_gold-13_6_02.jpg
22/05/2019 09:33:35.389 - [te.view.MainFrameController$3.lambda$1] - [INFO] - Current file: valentine_gold-14_13_02.jpg
22/05/2019 09:33:35.389 - [te.view.MainFrameController$3.lambda$1] - [INFO] - Current file: valentine_gold-13_16_02.jpg
22/05/2019 09:33:35.389 - [te.view.MainFrameController$3.lambda$1] - [INFO] - Current file: valentine_gold-14_16_02.jpg
22/05/2019 09:33:35.390 - [te.util.ExiftoolRunner.writeMetadataToFile] - [INFO] - 
22/05/2019 09:33:35.390 - [te.util.ExiftoolRunner.writeMetadataToFile] - [INFO] - 
22/05/2019 09:33:35.390 - [te.util.ExiftoolRunner.writeMetadataToFile] - [INFO] - 
22/05/2019 09:33:35.390 - [te.util.ExiftoolRunner.writeMetadataToFile] - [INFO] - 
22/05/2019 09:33:35.390 - [te.util.ExiftoolRunner.writeMetadataToFile] - [INFO] - Запись метаданных в файл H:\Olya\jpg\gold_text - копия\3\valentine_gold-13_6_02.jpg
22/05/2019 09:33:35.390 - [te.util.ExiftoolRunner.writeMetadataToFile] - [INFO] - Запись метаданных в файл H:\Olya\jpg\gold_text - копия\3\valentine_gold-14_13_02.jpg
22/05/2019 09:33:35.390 - [te.util.ExiftoolRunner.writeMetadataToFile] - [INFO] - Запись метаданных в файл H:\Olya\jpg\gold_text - копия\3\valentine_gold-13_16_02.jpg
22/05/2019 09:33:35.391 - [te.util.ExiftoolRunner.writeMetadataToFile] - [INFO] - Запись метаданных в файл H:\Olya\jpg\gold_text - копия\3\valentine_gold-14_16_02.jpg
22/05/2019 09:33:36.941 - [te.util.ExiftoolRunner.writeMetadataToFile] - [INFO] - Exiftool exit code: 0
22/05/2019 09:33:36.944 - [te.util.ExiftoolRunner.writeMetadataToFile] - [INFO] - Decription: 
22/05/2019 09:33:36.944 - [te.util.ExiftoolRunner.writeMetadataToFile] - [INFO] - Keywords: cvbvcbcvbvcb
22/05/2019 09:33:36.944 - [te.util.ExiftoolRunner.writeMetadataToFile] - [INFO] - Title: Music cover. Minimalist 
22/05/2019 09:33:36.944 - [te.MemoryLogger.print] - [INFO] - Heap Memory Usage: 32803736, More than initial: 7693088, dif: 238816
22/05/2019 09:33:36.944 - [te.view.MainFrameController$3.lambda$1] - [INFO] - Current file: valentine_gold-13_3_02.jpg
22/05/2019 09:33:36.945 - [te.util.ExiftoolRunner.writeMetadataToFile] - [INFO] - 
22/05/2019 09:33:36.945 - [te.util.ExiftoolRunner.writeMetadataToFile] - [INFO] - Запись метаданных в файл H:\Olya\jpg\gold_text - копия\3\valentine_gold-13_3_02.jpg
22/05/2019 09:33:37.066 - [te.util.ExiftoolRunner.writeMetadataToFile] - [INFO] - Exiftool exit code: 0
22/05/2019 09:33:37.066 - [te.util.ExiftoolRunner.writeMetadataToFile] - [INFO] - Decription: 
22/05/2019 09:33:37.066 - [te.util.ExiftoolRunner.writeMetadataToFile] - [INFO] - Keywords: cvbvcbcvbvcb
22/05/2019 09:33:37.067 - [te.util.ExiftoolRunner.writeMetadataToFile] - [INFO] - Title: Design magazine cover. 
22/05/2019 09:33:37.067 - [te.MemoryLogger.print] - [INFO] - Heap Memory Usage: 32925408, More than initial: 7814760, dif: 121672
22/05/2019 09:33:37.067 - [te.view.MainFrameController$3.lambda$1] - [INFO] - Current file: valentine_gold-13_15_02.jpg
22/05/2019 09:33:37.067 - [te.util.ExiftoolRunner.writeMetadataToFile] - [INFO] - 
22/05/2019 09:33:37.068 - [te.util.ExiftoolRunner.writeMetadataToFile] - [INFO] - Запись метаданных в файл H:\Olya\jpg\gold_text - копия\3\valentine_gold-13_15_02.jpg
22/05/2019 09:33:37.160 - [te.util.ExiftoolRunner.writeMetadataToFile] - [INFO] - Exiftool exit code: 0
22/05/2019 09:33:37.160 - [te.util.ExiftoolRunner.writeMetadataToFile] - [INFO] - Decription: 
22/05/2019 09:33:37.161 - [te.util.ExiftoolRunner.writeMetadataToFile] - [INFO] - Keywords: cvbvcbcvbvcb
22/05/2019 09:33:37.161 - [te.util.ExiftoolRunner.writeMetadataToFile] - [INFO] - Title: Design magazine cover. 
22/05/2019 09:33:37.161 - [te.MemoryLogger.print] - [INFO] - Heap Memory Usage: 33033552, More than initial: 7922904, dif: 108144
22/05/2019 09:33:37.307 - [te.util.ExiftoolRunner.writeMetadataToFile] - [INFO] - Exiftool exit code: 0
22/05/2019 09:33:37.308 - [te.util.ExiftoolRunner.writeMetadataToFile] - [INFO] - Decription: 
22/05/2019 09:33:37.308 - [te.util.ExiftoolRunner.writeMetadataToFile] - [INFO] - Keywords: cvbvcbcvbvcb
22/05/2019 09:33:37.308 - [te.util.ExiftoolRunner.writeMetadataToFile] - [INFO] - Title: Minimalist trendy cover. Line 
22/05/2019 09:33:37.308 - [te.MemoryLogger.print] - [INFO] - Heap Memory Usage: 33108896, More than initial: 7998248, dif: 75344
22/05/2019 09:33:38.227 - [te.util.ExiftoolRunner.writeMetadataToFile] - [INFO] - Exiftool exit code: 0
22/05/2019 09:33:38.228 - [te.util.ExiftoolRunner.writeMetadataToFile] - [INFO] - Decription: 
22/05/2019 09:33:38.228 - [te.util.ExiftoolRunner.writeMetadataToFile] - [INFO] - Keywords: cvbvcbcvbvcb
22/05/2019 09:33:38.232 - [te.util.ExiftoolRunner.writeMetadataToFile] - [INFO] - Title: Line geometric elements. 
22/05/2019 09:33:38.233 - [te.MemoryLogger.print] - [INFO] - Heap Memory Usage: 33198800, More than initial: 8088152, dif: 89904
22/05/2019 09:33:38.284 - [te.util.ExiftoolRunner.writeMetadataToFile] - [INFO] - Exiftool exit code: 0
22/05/2019 09:33:38.284 - [te.util.ExiftoolRunner.writeMetadataToFile] - [INFO] - Decription: 
22/05/2019 09:33:38.284 - [te.util.ExiftoolRunner.writeMetadataToFile] - [INFO] - Keywords: cvbvcbcvbvcb
22/05/2019 09:33:38.284 - [te.util.ExiftoolRunner.writeMetadataToFile] - [INFO] - Title: Poster design modern. 
22/05/2019 09:33:38.284 - [te.MemoryLogger.print] - [INFO] - Heap Memory Usage: 33287616, More than initial: 8176968, dif: 88816
22/05/2019 09:33:38.285 - [te.view.MainFrameController$3.call] - [INFO] - Finishing pre-oprateion, start writing files
22/05/2019 09:33:38.285 - [te.view.MainFrameController$3.call] - [INFO] - Finish Writing metadata
22/05/2019 09:33:38.285 - [te.MemoryLogger.print] - [INFO] - Heap Memory Usage: 33287672, More than initial: 8177024, dif: 56
