#
# A fatal error has been detected by the Java Runtime Environment:
#
#  EXCEPTION_ACCESS_VIOLATION (0xc0000005) at pc=0x0000000070bce1b7, pid=18300, tid=0x000000000000238c
#
# JRE version: Java(TM) SE Runtime Environment (8.0_291-b10) (build 1.8.0_291-b10)
# Java VM: Java HotSpot(TM) 64-Bit Server VM (25.291-b10 mixed mode windows-amd64 compressed oops)
# Problematic frame:
# C  [sqlite-3.36.0.1-0a9b0405-c0db-43a8-a7e5-4b3a1877fcc2-sqlitejdbc.dll+0xe1b7]
#
# Failed to write core dump. Minidumps are not enabled by default on client versions of Windows
#
# If you would like to submit a bug report, please visit:
#   http://bugreport.java.com/bugreport/crash.jsp
# The crash happened outside the Java Virtual Machine in native code.
# See problematic frame for where to report the bug.
#

---------------  T H R E A D  ---------------

Current thread (0x00000180e2942000):  JavaThread "Thread-99" [_thread_in_native, id=9100, stack(0x0000006c70200000,0x0000006c70300000)]

siginfo: ExceptionCode=0xc0000005, reading address 0x0000000000000018

Registers:
RAX=0x0000000000000018, RBX=0x00000180df6147d8, RCX=0x00000180df636248, RDX=0x0000000000000000
RSP=0x0000006c702fed18, RBP=0x0000000000000002, RSI=0x00000180df636248, RDI=0x000000000002334c
R8 =0x00000180df6147d8, R9 =0x0000000000000000, R10=0x00000180fabebfb8, R11=0x0000000000000016
R12=0x00000180df614830, R13=0x0000000000000000, R14=0x00000000000000b4, R15=0x0000000000000000
RIP=0x0000000070bce1b7, EFLAGS=0x0000000000010206

Top of Stack: (sp=0x0000006c702fed18)
0x0000006c702fed18:   0000000070bdb4b8 00000180bc710000
0x0000006c702fed28:   0000018000000000 00000000000001b0
0x0000006c702fed38:   0000006c00000000 00000180df615018
0x0000006c702fed48:   000000000002334c 000000000002334c
0x0000006c702fed58:   0000006c702fee08 0000000000000002
0x0000006c702fed68:   0000000070c097e4 00000180b1650490
0x0000006c702fed78:   0000000000000000 00000180b1650480
0x0000006c702fed88:   0000000070be5f37 00000180df6141a8
0x0000006c702fed98:   0000000070bd6849 000001809905ba78
0x0000006c702feda8:   000001809905bb00 000000000002334c
0x0000006c702fedb8:   00000180df614728 0000000000000121
0x0000006c702fedc8:   0000000070be603a 00000180df6141a8
0x0000006c702fedd8:   0000006c702fee30 00000000000001a8
0x0000006c702fede8:   00000180b9d8b258 0000000000000000
0x0000006c702fedf8:   0000000000000000 00000000000001b0
0x0000006c702fee08:   00000180fabebf70 0000000000000010 

Instructions: (pc=0x0000000070bce1b7)
0x0000000070bce197:   48 83 c4 20 5b c3 4c 8b 41 20 8b 41 10 41 89 d1
0x0000000070bce1a7:   31 d2 41 f7 70 3c 49 8b 40 40 89 d2 48 8d 04 d0
0x0000000070bce1b7:   48 8b 10 48 39 d1 74 06 48 8d 42 18 eb f2 48 8b
0x0000000070bce1c7:   51 18 48 89 10 41 ff 48 38 45 85 c9 74 02 eb 94 


Register to memory mapping:

RAX=0x0000000000000018 is an unknown value
RBX=0x00000180df6147d8 is an unknown value
RCX=0x00000180df636248 is an unknown value
RDX=0x0000000000000000 is an unknown value
RSP=0x0000006c702fed18 is pointing into the stack for thread: 0x00000180e2942000
RBP=0x0000000000000002 is an unknown value
RSI=0x00000180df636248 is an unknown value
RDI=0x000000000002334c is an unknown value
R8 =0x00000180df6147d8 is an unknown value
R9 =0x0000000000000000 is an unknown value
R10=0x00000180fabebfb8 is an unknown value
R11=0x0000000000000016 is an unknown value
R12=0x00000180df614830 is an unknown value
R13=0x0000000000000000 is an unknown value
R14=0x00000000000000b4 is an unknown value
R15=0x0000000000000000 is an unknown value


Stack: [0x0000006c70200000,0x0000006c70300000],  sp=0x0000006c702fed18,  free space=1019k
Native frames: (J=compiled Java code, j=interpreted, Vv=VM code, C=native code)
C  [sqlite-3.36.0.1-0a9b0405-c0db-43a8-a7e5-4b3a1877fcc2-sqlitejdbc.dll+0xe1b7]
C  [sqlite-3.36.0.1-0a9b0405-c0db-43a8-a7e5-4b3a1877fcc2-sqlitejdbc.dll+0x1b4b8]
C  [sqlite-3.36.0.1-0a9b0405-c0db-43a8-a7e5-4b3a1877fcc2-sqlitejdbc.dll+0x497e4]
C  [sqlite-3.36.0.1-0a9b0405-c0db-43a8-a7e5-4b3a1877fcc2-sqlitejdbc.dll+0x2603a]
C  [sqlite-3.36.0.1-0a9b0405-c0db-43a8-a7e5-4b3a1877fcc2-sqlitejdbc.dll+0x26142]
C  [sqlite-3.36.0.1-0a9b0405-c0db-43a8-a7e5-4b3a1877fcc2-sqlitejdbc.dll+0x4f5f7]
C  [sqlite-3.36.0.1-0a9b0405-c0db-43a8-a7e5-4b3a1877fcc2-sqlitejdbc.dll+0x6aa42]
C  [sqlite-3.36.0.1-0a9b0405-c0db-43a8-a7e5-4b3a1877fcc2-sqlitejdbc.dll+0x6f32f]
C  0x00000180bee621e2

Java frames: (J=compiled Java code, j=interpreted, Vv=VM code)
J 5520  org.sqlite.core.NativeDB.step(J)I (0 bytes) @ 0x00000180bee6207b [0x00000180bee62040+0x3b]
J 7567 C2 org.sqlite.jdbc3.JDBC3Statement.executeQuery(Ljava/lang/String;)Ljava/sql/ResultSet; (50 bytes) @ 0x00000180bf46ad1c [0x00000180bf46ac00+0x11c]
J 7648 C2 am.db.SQLManager.isInDB(J)Z (102 bytes) @ 0x00000180be44a29c [0x00000180be449c40+0x65c]
J 8889% C2 am.web.UpdateDBThread.run()V (586 bytes) @ 0x00000180bf7c8e68 [0x00000180bf7c78e0+0x1588]
v  ~StubRoutines::call_stub

---------------  P R O C E S S  ---------------

Java Threads: ( => current thread )
  0x00000180e2946000 JavaThread "Keep-Alive-Timer" daemon [_thread_blocked, id=15968, stack(0x0000006c6e500000,0x0000006c6e600000)]
  0x00000180e2941800 JavaThread "DestroyJavaVM" [_thread_blocked, id=20552, stack(0x0000006c6e800000,0x0000006c6e900000)]
=>0x00000180e2942000 JavaThread "Thread-99" [_thread_in_native, id=9100, stack(0x0000006c70200000,0x0000006c70300000)]
  0x00000180d7d03000 JavaThread "Java2D Disposer" daemon [_thread_blocked, id=26084, stack(0x0000006c70100000,0x0000006c70200000)]
  0x00000180daa9e000 JavaThread "Prism Font Disposer" daemon [_thread_blocked, id=19028, stack(0x0000006c70700000,0x0000006c70800000)]
  0x00000180d9ae2800 JavaThread "Thread-4" daemon [_thread_in_native, id=5372, stack(0x0000006c70300000,0x0000006c70400000)]
  0x00000180d9541000 JavaThread "Thread-3" daemon [_thread_blocked, id=28244, stack(0x0000006c6fe00000,0x0000006c6ff00000)]
  0x00000180d90dc000 JavaThread "Service Thread" daemon [_thread_blocked, id=3272, stack(0x0000006c6fa00000,0x0000006c6fb00000)]
  0x00000180d7cfe000 JavaThread "C1 CompilerThread3" daemon [_thread_blocked, id=2280, stack(0x0000006c6f900000,0x0000006c6fa00000)]
  0x00000180d7ceb000 JavaThread "C2 CompilerThread2" daemon [_thread_blocked, id=24320, stack(0x0000006c6f800000,0x0000006c6f900000)]
  0x00000180d7ce8800 JavaThread "C2 CompilerThread1" daemon [_thread_blocked, id=5336, stack(0x0000006c6f700000,0x0000006c6f800000)]
  0x00000180d7cf5000 JavaThread "C2 CompilerThread0" daemon [_thread_blocked, id=19640, stack(0x0000006c6f600000,0x0000006c6f700000)]
  0x00000180d7ce4800 JavaThread "Attach Listener" daemon [_thread_blocked, id=30584, stack(0x0000006c6f500000,0x0000006c6f600000)]
  0x00000180d7ce3800 JavaThread "Signal Dispatcher" daemon [_thread_blocked, id=24980, stack(0x0000006c6f400000,0x0000006c6f500000)]
  0x00000180d7cc5000 JavaThread "Finalizer" daemon [_thread_blocked, id=23844, stack(0x0000006c6f300000,0x0000006c6f400000)]
  0x00000180d7c9d800 JavaThread "Reference Handler" daemon [_thread_blocked, id=12108, stack(0x0000006c6f200000,0x0000006c6f300000)]

Other Threads:
  0x00000180d7c95800 VMThread [stack: 0x0000006c6f100000,0x0000006c6f200000] [id=31780]
  0x00000180d90f9800 WatcherThread [stack: 0x0000006c6fb00000,0x0000006c6fc00000] [id=23776]

VM state:not at safepoint (normal execution)

VM Mutex/Monitor currently owned by a thread: None

heap address: 0x00000006c1c00000, size: 4068 MB, Compressed Oops mode: Zero based, Oop shift amount: 3
Narrow klass base: 0x0000000000000000, Narrow klass shift: 3
Compressed class space size: 1073741824 Address: 0x00000007c0000000

Heap:
 PSYoungGen      total 28672K, used 6933K [0x000000076b400000, 0x000000076d200000, 0x00000007c0000000)
  eden space 26624K, 19% used [0x000000076b400000,0x000000076b90c590,0x000000076ce00000)
  from space 2048K, 86% used [0x000000076ce00000,0x000000076cfb9128,0x000000076d000000)
  to   space 2048K, 0% used [0x000000076d000000,0x000000076d000000,0x000000076d200000)
 ParOldGen       total 321536K, used 320328K [0x00000006c1c00000, 0x00000006d5600000, 0x000000076b400000)
  object space 321536K, 99% used [0x00000006c1c00000,0x00000006d54d2138,0x00000006d5600000)
 Metaspace       used 31731K, capacity 33238K, committed 33536K, reserved 1079296K
  class space    used 4040K, capacity 4310K, committed 4352K, reserved 1048576K

Card table byte_map: [0x00000180cd310000,0x00000180cdb10000] byte_map_base: 0x00000180c9d02000

Marking Bits: (ParMarkBitMap*) 0x000000006e507fe0
 Begin Bits: [0x00000180ce060000, 0x00000180d1ff0000)
 End Bits:   [0x00000180d1ff0000, 0x00000180d5f80000)

Polling page: 0x00000180bc770000

CodeCache: size=245760Kb used=25135Kb max_used=25155Kb free=220624Kb
 bounds [0x00000180bdf50000, 0x00000180bf830000, 0x00000180ccf50000]
 total_blobs=7992 nmethods=7197 adapters=706
 compilation: enabled

Compilation events (10 events):
Event: 72515.996 Thread 0x00000180d7cf5000 9098   !   4       sun.security.ssl.ExtendedMasterSecretExtension$SHExtendedMasterSecretConsumer::consume (132 bytes)
Event: 72516.003 Thread 0x00000180d7cf5000 nmethod 9098 0x00000180bf34e3d0 code [0x00000180bf34e5a0, 0x00000180bf34ea70]
Event: 75102.408 Thread 0x00000180d7cfe000 9099       3       java.util.regex.Pattern$Begin::match (62 bytes)
Event: 75102.439 Thread 0x00000180d7cfe000 nmethod 9099 0x00000180be9bf1d0 code [0x00000180be9bf340, 0x00000180be9bf6d0]
Event: 75102.451 Thread 0x00000180d7cfe000 9101       3       java.time.format.DateTimeFormatterBuilder::appendValue (175 bytes)
Event: 75102.454 Thread 0x00000180d7cfe000 nmethod 9101 0x00000180bf56c090 code [0x00000180bf56c420, 0x00000180bf56e2a0]
Event: 75102.460 Thread 0x00000180d7cfe000 9100       3       java.util.regex.Pattern$Dollar::match (209 bytes)
Event: 75102.461 Thread 0x00000180d7cfe000 nmethod 9100 0x00000180bec44090 code [0x00000180bec442a0, 0x00000180bec44fa0]
Event: 75102.822 Thread 0x00000180d7ce8800 9102  s    4       sun.security.ssl.SSLSocketImpl::doneConnect (126 bytes)
Event: 75102.844 Thread 0x00000180d7ce8800 nmethod 9102 0x00000180bf795ed0 code [0x00000180bf796140, 0x00000180bf7972a0]

GC Heap History (10 events):
Event: 75080.134 GC heap before
{Heap before GC invocations=2787 (full 4):
 PSYoungGen      total 28672K, used 27687K [0x000000076b400000, 0x000000076d200000, 0x00000007c0000000)
  eden space 26624K, 97% used [0x000000076b400000,0x000000076cd511a8,0x000000076ce00000)
  from space 2048K, 86% used [0x000000076d000000,0x000000076d1b8e40,0x000000076d200000)
  to   space 2048K, 0% used [0x000000076ce00000,0x000000076ce00000,0x000000076d000000)
 ParOldGen       total 321536K, used 319696K [0x00000006c1c00000, 0x00000006d5600000, 0x000000076b400000)
  object space 321536K, 99% used [0x00000006c1c00000,0x00000006d5434138,0x00000006d5600000)
 Metaspace       used 31730K, capacity 33238K, committed 33536K, reserved 1079296K
  class space    used 4040K, capacity 4310K, committed 4352K, reserved 1048576K
Event: 75080.150 GC heap after
Heap after GC invocations=2787 (full 4):
 PSYoungGen      total 28672K, used 1822K [0x000000076b400000, 0x000000076d200000, 0x00000007c0000000)
  eden space 26624K, 0% used [0x000000076b400000,0x000000076b400000,0x000000076ce00000)
  from space 2048K, 88% used [0x000000076ce00000,0x000000076cfc79d0,0x000000076d000000)
  to   space 2048K, 0% used [0x000000076d000000,0x000000076d000000,0x000000076d200000)
 ParOldGen       total 321536K, used 319832K [0x00000006c1c00000, 0x00000006d5600000, 0x000000076b400000)
  object space 321536K, 99% used [0x00000006c1c00000,0x00000006d5456138,0x00000006d5600000)
 Metaspace       used 31730K, capacity 33238K, committed 33536K, reserved 1079296K
  class space    used 4040K, capacity 4310K, committed 4352K, reserved 1048576K
}
Event: 75090.897 GC heap before
{Heap before GC invocations=2788 (full 4):
 PSYoungGen      total 28672K, used 28446K [0x000000076b400000, 0x000000076d200000, 0x00000007c0000000)
  eden space 26624K, 100% used [0x000000076b400000,0x000000076ce00000,0x000000076ce00000)
  from space 2048K, 88% used [0x000000076ce00000,0x000000076cfc79d0,0x000000076d000000)
  to   space 2048K, 0% used [0x000000076d000000,0x000000076d000000,0x000000076d200000)
 ParOldGen       total 321536K, used 319832K [0x00000006c1c00000, 0x00000006d5600000, 0x000000076b400000)
  object space 321536K, 99% used [0x00000006c1c00000,0x00000006d5456138,0x00000006d5600000)
 Metaspace       used 31730K, capacity 33238K, committed 33536K, reserved 1079296K
  class space    used 4040K, capacity 4310K, committed 4352K, reserved 1048576K
Event: 75090.911 GC heap after
Heap after GC invocations=2788 (full 4):
 PSYoungGen      total 28672K, used 1667K [0x000000076b400000, 0x000000076d200000, 0x00000007c0000000)
  eden space 26624K, 0% used [0x000000076b400000,0x000000076b400000,0x000000076ce00000)
  from space 2048K, 81% used [0x000000076d000000,0x000000076d1a0f38,0x000000076d200000)
  to   space 2048K, 0% used [0x000000076ce00000,0x000000076ce00000,0x000000076d000000)
 ParOldGen       total 321536K, used 319936K [0x00000006c1c00000, 0x00000006d5600000, 0x000000076b400000)
  object space 321536K, 99% used [0x00000006c1c00000,0x00000006d5470138,0x00000006d5600000)
 Metaspace       used 31730K, capacity 33238K, committed 33536K, reserved 1079296K
  class space    used 4040K, capacity 4310K, committed 4352K, reserved 1048576K
}
Event: 75102.391 GC heap before
{Heap before GC invocations=2789 (full 4):
 PSYoungGen      total 28672K, used 27316K [0x000000076b400000, 0x000000076d200000, 0x00000007c0000000)
  eden space 26624K, 96% used [0x000000076b400000,0x000000076cd0c3e8,0x000000076ce00000)
  from space 2048K, 81% used [0x000000076d000000,0x000000076d1a0f38,0x000000076d200000)
  to   space 2048K, 0% used [0x000000076ce00000,0x000000076ce00000,0x000000076d000000)
 ParOldGen       total 321536K, used 319936K [0x00000006c1c00000, 0x00000006d5600000, 0x000000076b400000)
  object space 321536K, 99% used [0x00000006c1c00000,0x00000006d5470138,0x00000006d5600000)
 Metaspace       used 31730K, capacity 33238K, committed 33536K, reserved 1079296K
  class space    used 4040K, capacity 4310K, committed 4352K, reserved 1048576K
Event: 75102.401 GC heap after
Heap after GC invocations=2789 (full 4):
 PSYoungGen      total 28672K, used 1822K [0x000000076b400000, 0x000000076d200000, 0x00000007c0000000)
  eden space 26624K, 0% used [0x000000076b400000,0x000000076b400000,0x000000076ce00000)
  from space 2048K, 88% used [0x000000076ce00000,0x000000076cfc7ad8,0x000000076d000000)
  to   space 2048K, 0% used [0x000000076d000000,0x000000076d000000,0x000000076d200000)
 ParOldGen       total 321536K, used 320080K [0x00000006c1c00000, 0x00000006d5600000, 0x000000076b400000)
  object space 321536K, 99% used [0x00000006c1c00000,0x00000006d5494138,0x00000006d5600000)
 Metaspace       used 31730K, capacity 33238K, committed 33536K, reserved 1079296K
  class space    used 4040K, capacity 4310K, committed 4352K, reserved 1048576K
}
Event: 75111.744 GC heap before
{Heap before GC invocations=2790 (full 4):
 PSYoungGen      total 28672K, used 28204K [0x000000076b400000, 0x000000076d200000, 0x00000007c0000000)
  eden space 26624K, 99% used [0x000000076b400000,0x000000076cdc3620,0x000000076ce00000)
  from space 2048K, 88% used [0x000000076ce00000,0x000000076cfc7ad8,0x000000076d000000)
  to   space 2048K, 0% used [0x000000076d000000,0x000000076d000000,0x000000076d200000)
 ParOldGen       total 321536K, used 320080K [0x00000006c1c00000, 0x00000006d5600000, 0x000000076b400000)
  object space 321536K, 99% used [0x00000006c1c00000,0x00000006d5494138,0x00000006d5600000)
 Metaspace       used 31731K, capacity 33238K, committed 33536K, reserved 1079296K
  class space    used 4040K, capacity 4310K, committed 4352K, reserved 1048576K
Event: 75111.753 GC heap after
Heap after GC invocations=2790 (full 4):
 PSYoungGen      total 28672K, used 1902K [0x000000076b400000, 0x000000076d200000, 0x00000007c0000000)
  eden space 26624K, 0% used [0x000000076b400000,0x000000076b400000,0x000000076ce00000)
  from space 2048K, 92% used [0x000000076d000000,0x000000076d1db9c0,0x000000076d200000)
  to   space 2048K, 0% used [0x000000076ce00000,0x000000076ce00000,0x000000076d000000)
 ParOldGen       total 321536K, used 320208K [0x00000006c1c00000, 0x00000006d5600000, 0x000000076b400000)
  object space 321536K, 99% used [0x00000006c1c00000,0x00000006d54b4138,0x00000006d5600000)
 Metaspace       used 31731K, capacity 33238K, committed 33536K, reserved 1079296K
  class space    used 4040K, capacity 4310K, committed 4352K, reserved 1048576K
}
Event: 75121.837 GC heap before
{Heap before GC invocations=2791 (full 4):
 PSYoungGen      total 28672K, used 28526K [0x000000076b400000, 0x000000076d200000, 0x00000007c0000000)
  eden space 26624K, 100% used [0x000000076b400000,0x000000076ce00000,0x000000076ce00000)
  from space 2048K, 92% used [0x000000076d000000,0x000000076d1db9c0,0x000000076d200000)
  to   space 2048K, 0% used [0x000000076ce00000,0x000000076ce00000,0x000000076d000000)
 ParOldGen       total 321536K, used 320208K [0x00000006c1c00000, 0x00000006d5600000, 0x000000076b400000)
  object space 321536K, 99% used [0x00000006c1c00000,0x00000006d54b4138,0x00000006d5600000)
 Metaspace       used 31731K, capacity 33238K, committed 33536K, reserved 1079296K
  class space    used 4040K, capacity 4310K, committed 4352K, reserved 1048576K
Event: 75121.842 GC heap after
Heap after GC invocations=2791 (full 4):
 PSYoungGen      total 28672K, used 1764K [0x000000076b400000, 0x000000076d200000, 0x00000007c0000000)
  eden space 26624K, 0% used [0x000000076b400000,0x000000076b400000,0x000000076ce00000)
  from space 2048K, 86% used [0x000000076ce00000,0x000000076cfb9128,0x000000076d000000)
  to   space 2048K, 0% used [0x000000076d000000,0x000000076d000000,0x000000076d200000)
 ParOldGen       total 321536K, used 320328K [0x00000006c1c00000, 0x00000006d5600000, 0x000000076b400000)
  object space 321536K, 99% used [0x00000006c1c00000,0x00000006d54d2138,0x00000006d5600000)
 Metaspace       used 31731K, capacity 33238K, committed 33536K, reserved 1079296K
  class space    used 4040K, capacity 4310K, committed 4352K, reserved 1048576K
}

Deoptimization events (10 events):
Event: 34846.211 Thread 0x00000180e2942000 Uncommon trap: reason=unstable_if action=reinterpret pc=0x00000180be567d50 method=sun.security.util.MemoryCache.emptyQueue()V @ 30
Event: 34846.211 Thread 0x00000180e2942000 Uncommon trap: reason=unstable_if action=reinterpret pc=0x00000180beac9668 method=sun.security.util.Cache$EqualByteArray.hashCode()I @ 6
Event: 34893.351 Thread 0x00000180e2942000 Uncommon trap: reason=unstable_if action=reinterpret pc=0x00000180be10172c method=sun.security.util.MemoryCache.emptyQueue()V @ 30
Event: 64570.276 Thread 0x00000180e2942000 Uncommon trap: reason=unstable_if action=reinterpret pc=0x00000180bef7270c method=java.lang.ref.SoftReference.get()Ljava/lang/Object; @ 6
Event: 64570.282 Thread 0x00000180e2942000 Uncommon trap: reason=class_check action=maybe_recompile pc=0x00000180bf3d6e28 method=sun.net.www.protocol.http.HttpURLConnection$10.run()Ljava/io/IOException; @ 26
Event: 64570.282 Thread 0x00000180e2942000 Uncommon trap: reason=unstable_if action=reinterpret pc=0x00000180be168288 method=sun.net.www.protocol.http.HttpURLConnection.disconnect()V @ 35
Event: 68195.769 Thread 0x00000180e2942000 Uncommon trap: reason=unstable_if action=reinterpret pc=0x00000180be099ffc method=java.math.MutableBigInteger.compare(Ljava/math/MutableBigInteger;)I @ 81
Event: 68195.769 Thread 0x00000180e2942000 Uncommon trap: reason=unstable_if action=reinterpret pc=0x00000180beb366f4 method=java.math.MutableBigInteger.divideOneWord(ILjava/math/MutableBigInteger;)I @ 12
Event: 68195.770 Thread 0x00000180e2942000 Uncommon trap: reason=unstable_if action=reinterpret pc=0x00000180beb754e8 method=java.math.MutableBigInteger.compare(Ljava/math/MutableBigInteger;)I @ 81
Event: 72402.126 Thread 0x00000180e2942000 Uncommon trap: reason=class_check action=maybe_recompile pc=0x00000180bf4aec6c method=sun.net.www.MeteredStream.justRead(J)V @ 105

Classes redefined (0 events):
No events

Internal exceptions (10 events):
Event: 75121.842 Thread 0x00000180e2942000 Exception <a 'java/io/IOException'> (0x000000076b421998) thrown at [C:\jenkins\workspace\8-2-build-windows-amd64-cygwin\jdk8u291\1294\hotspot\src\share\vm\prims\jni.cpp, line 710]
Event: 75122.459 Thread 0x00000180e2942000 Exception <a 'java/io/IOException'> (0x000000076b5a9e50) thrown at [C:\jenkins\workspace\8-2-build-windows-amd64-cygwin\jdk8u291\1294\hotspot\src\share\vm\prims\jni.cpp, line 710]
Event: 75122.459 Thread 0x00000180e2942000 Exception <a 'java/io/IOException'> (0x000000076b5aa100) thrown at [C:\jenkins\workspace\8-2-build-windows-amd64-cygwin\jdk8u291\1294\hotspot\src\share\vm\prims\jni.cpp, line 710]
Event: 75122.459 Thread 0x00000180e2942000 Exception <a 'java/io/IOException'> (0x000000076b5aa380) thrown at [C:\jenkins\workspace\8-2-build-windows-amd64-cygwin\jdk8u291\1294\hotspot\src\share\vm\prims\jni.cpp, line 710]
Event: 75123.132 Thread 0x00000180e2942000 Exception <a 'java/io/IOException'> (0x000000076b732268) thrown at [C:\jenkins\workspace\8-2-build-windows-amd64-cygwin\jdk8u291\1294\hotspot\src\share\vm\prims\jni.cpp, line 710]
Event: 75123.132 Thread 0x00000180e2942000 Exception <a 'java/io/IOException'> (0x000000076b732518) thrown at [C:\jenkins\workspace\8-2-build-windows-amd64-cygwin\jdk8u291\1294\hotspot\src\share\vm\prims\jni.cpp, line 710]
Event: 75123.132 Thread 0x00000180e2942000 Exception <a 'java/io/IOException'> (0x000000076b732798) thrown at [C:\jenkins\workspace\8-2-build-windows-amd64-cygwin\jdk8u291\1294\hotspot\src\share\vm\prims\jni.cpp, line 710]
Event: 75123.799 Thread 0x00000180e2942000 Exception <a 'java/io/IOException'> (0x000000076b8ba808) thrown at [C:\jenkins\workspace\8-2-build-windows-amd64-cygwin\jdk8u291\1294\hotspot\src\share\vm\prims\jni.cpp, line 710]
Event: 75123.800 Thread 0x00000180e2942000 Exception <a 'java/io/IOException'> (0x000000076b8baab8) thrown at [C:\jenkins\workspace\8-2-build-windows-amd64-cygwin\jdk8u291\1294\hotspot\src\share\vm\prims\jni.cpp, line 710]
Event: 75123.800 Thread 0x00000180e2942000 Exception <a 'java/io/IOException'> (0x000000076b8bad38) thrown at [C:\jenkins\workspace\8-2-build-windows-amd64-cygwin\jdk8u291\1294\hotspot\src\share\vm\prims\jni.cpp, line 710]

Events (10 events):
Event: 75111.754 Executing VM operation: RevokeBias
Event: 75111.754 Executing VM operation: RevokeBias done
Event: 75111.755 Executing VM operation: RevokeBias
Event: 75111.755 Executing VM operation: RevokeBias done
Event: 75114.895 Executing VM operation: RevokeBias
Event: 75114.896 Executing VM operation: RevokeBias done
Event: 75119.897 Thread 0x00000180e2946000 Thread exited: 0x00000180e2946000
Event: 75119.939 Thread 0x00000180e2946000 Thread added: 0x00000180e2946000
Event: 75121.837 Executing VM operation: ParallelGCFailedAllocation
Event: 75121.842 Executing VM operation: ParallelGCFailedAllocation done


Dynamic libraries:
0x00007ff6509c0000 - 0x00007ff650a07000 	C:\Program Files\Java\jre1.8.0_291\bin\javaw.exe
0x00007ff8d2fc0000 - 0x00007ff8d31c9000 	C:\WINDOWS\SYSTEM32\ntdll.dll
0x00007ff8a8100000 - 0x00007ff8a8117000 	C:\Program Files\AVAST Software\Avast\aswhook.dll
0x00007ff8d18c0000 - 0x00007ff8d197e000 	C:\WINDOWS\System32\KERNEL32.DLL
0x00007ff8d04c0000 - 0x00007ff8d083b000 	C:\WINDOWS\System32\KERNELBASE.dll
0x00007ff8d1de0000 - 0x00007ff8d1e8e000 	C:\WINDOWS\System32\ADVAPI32.dll
0x00007ff8d1c00000 - 0x00007ff8d1ca3000 	C:\WINDOWS\System32\msvcrt.dll
0x00007ff8d1b50000 - 0x00007ff8d1bee000 	C:\WINDOWS\System32\sechost.dll
0x00007ff8d1fb0000 - 0x00007ff8d20d0000 	C:\WINDOWS\System32\RPCRT4.dll
0x00007ff8d1980000 - 0x00007ff8d1b2d000 	C:\WINDOWS\System32\USER32.dll
0x00007ff8d0490000 - 0x00007ff8d04b6000 	C:\WINDOWS\System32\win32u.dll
0x00007ff8d1790000 - 0x00007ff8d17b9000 	C:\WINDOWS\System32\GDI32.dll
0x00007ff8d0ca0000 - 0x00007ff8d0db8000 	C:\WINDOWS\System32\gdi32full.dll
0x00007ff8d0c00000 - 0x00007ff8d0c9d000 	C:\WINDOWS\System32\msvcp_win.dll
0x00007ff8d09b0000 - 0x00007ff8d0ac1000 	C:\WINDOWS\System32\ucrtbase.dll
0x00007ff8c4450000 - 0x00007ff8c46f5000 	C:\WINDOWS\WinSxS\amd64_microsoft.windows.common-controls_6595b64144ccf1df_6.0.22000.120_none_9d947278b86cc467\COMCTL32.dll
0x00007ff8d1cb0000 - 0x00007ff8d1ce2000 	C:\WINDOWS\System32\IMM32.DLL
0x00007ff8c8de0000 - 0x00007ff8c8df5000 	C:\Program Files\Java\jre1.8.0_291\bin\vcruntime140.dll
0x00007ff8aa3c0000 - 0x00007ff8aa45b000 	C:\Program Files\Java\jre1.8.0_291\bin\msvcp140.dll
0x000000006dd20000 - 0x000000006e580000 	C:\Program Files\Java\jre1.8.0_291\bin\server\jvm.dll
0x00007ff8d1fa0000 - 0x00007ff8d1fa8000 	C:\WINDOWS\System32\PSAPI.DLL
0x00007ff8c5710000 - 0x00007ff8c5719000 	C:\WINDOWS\SYSTEM32\WSOCK32.dll
0x00007ff8ca040000 - 0x00007ff8ca04a000 	C:\WINDOWS\SYSTEM32\VERSION.dll
0x00007ff8caf20000 - 0x00007ff8caf53000 	C:\WINDOWS\SYSTEM32\WINMM.dll
0x00007ff8d1850000 - 0x00007ff8d18bf000 	C:\WINDOWS\System32\WS2_32.dll
0x00007ff8cf510000 - 0x00007ff8cf528000 	C:\WINDOWS\SYSTEM32\kernel.appcore.dll
0x00007ff8cbfa0000 - 0x00007ff8cbfb0000 	C:\Program Files\Java\jre1.8.0_291\bin\verify.dll
0x00007ff8b3fa0000 - 0x00007ff8b3fcb000 	C:\Program Files\Java\jre1.8.0_291\bin\java.dll
0x00007ff8c1b80000 - 0x00007ff8c1b98000 	C:\Program Files\Java\jre1.8.0_291\bin\zip.dll
0x00007ff8d2310000 - 0x00007ff8d2ac7000 	C:\WINDOWS\System32\SHELL32.dll
0x00007ff8ce580000 - 0x00007ff8cede5000 	C:\WINDOWS\SYSTEM32\windows.storage.dll
0x00007ff8d2c00000 - 0x00007ff8d2f78000 	C:\WINDOWS\System32\combase.dll
0x00007ff8ce410000 - 0x00007ff8ce576000 	C:\WINDOWS\SYSTEM32\wintypes.dll
0x00007ff8d15e0000 - 0x00007ff8d16ca000 	C:\WINDOWS\System32\SHCORE.dll
0x00007ff8d1730000 - 0x00007ff8d178d000 	C:\WINDOWS\System32\shlwapi.dll
0x00007ff8d03c0000 - 0x00007ff8d03e1000 	C:\WINDOWS\SYSTEM32\profapi.dll
0x00007ff8cfc60000 - 0x00007ff8cfc78000 	C:\WINDOWS\SYSTEM32\CRYPTSP.dll
0x00007ff8cf470000 - 0x00007ff8cf4a5000 	C:\WINDOWS\system32\rsaenh.dll
0x00007ff8cfb10000 - 0x00007ff8cfb39000 	C:\WINDOWS\SYSTEM32\USERENV.dll
0x00007ff8cfdf0000 - 0x00007ff8cfe17000 	C:\WINDOWS\SYSTEM32\bcrypt.dll
0x00007ff8d0dc0000 - 0x00007ff8d0e3f000 	C:\WINDOWS\System32\bcryptprimitives.dll
0x00007ff8cfc80000 - 0x00007ff8cfc8c000 	C:\WINDOWS\SYSTEM32\CRYPTBASE.dll
0x00007ff8b6b00000 - 0x00007ff8b6b1c000 	C:\Program Files\Java\jre1.8.0_291\bin\net.dll
0x00007ff8cf9b0000 - 0x00007ff8cfa17000 	C:\WINDOWS\system32\mswsock.dll
0x00007ff8cf080000 - 0x00007ff8cf0ad000 	C:\WINDOWS\SYSTEM32\IPHLPAPI.DLL
0x00007ff8d1bf0000 - 0x00007ff8d1bf9000 	C:\WINDOWS\System32\NSI.dll
0x00007ff8cac30000 - 0x00007ff8cac49000 	C:\WINDOWS\SYSTEM32\dhcpcsvc6.DLL
0x00007ff8caf00000 - 0x00007ff8caf1e000 	C:\WINDOWS\SYSTEM32\dhcpcsvc.DLL
0x00007ff8cf0b0000 - 0x00007ff8cf198000 	C:\WINDOWS\SYSTEM32\DNSAPI.dll
0x00007ff8b3f80000 - 0x00007ff8b3f93000 	C:\Program Files\Java\jre1.8.0_291\bin\nio.dll
0x00000180da020000 - 0x00000180da023000 	C:\Program Files\Java\jre1.8.0_291\bin\api-ms-win-core-console-l1-1-0.dll
0x00000180da030000 - 0x00000180da033000 	C:\Program Files\Java\jre1.8.0_291\bin\api-ms-win-core-console-l1-2-0.dll
0x00000180da040000 - 0x00000180da043000 	C:\Program Files\Java\jre1.8.0_291\bin\api-ms-win-core-datetime-l1-1-0.dll
0x00000180da050000 - 0x00000180da053000 	C:\Program Files\Java\jre1.8.0_291\bin\api-ms-win-core-debug-l1-1-0.dll
0x00000180da060000 - 0x00000180da063000 	C:\Program Files\Java\jre1.8.0_291\bin\api-ms-win-core-errorhandling-l1-1-0.dll
0x00000180da070000 - 0x00000180da074000 	C:\Program Files\Java\jre1.8.0_291\bin\api-ms-win-core-file-l1-1-0.dll
0x00000180da080000 - 0x00000180da083000 	C:\Program Files\Java\jre1.8.0_291\bin\api-ms-win-core-file-l1-2-0.dll
0x00000180da090000 - 0x00000180da093000 	C:\Program Files\Java\jre1.8.0_291\bin\api-ms-win-core-file-l2-1-0.dll
0x00000180da0a0000 - 0x00000180da0a3000 	C:\Program Files\Java\jre1.8.0_291\bin\api-ms-win-core-handle-l1-1-0.dll
0x00000180da0b0000 - 0x00000180da0b3000 	C:\Program Files\Java\jre1.8.0_291\bin\api-ms-win-core-heap-l1-1-0.dll
0x00000180da0c0000 - 0x00000180da0c3000 	C:\Program Files\Java\jre1.8.0_291\bin\api-ms-win-core-interlocked-l1-1-0.dll
0x00000180da0d0000 - 0x00000180da0d3000 	C:\Program Files\Java\jre1.8.0_291\bin\api-ms-win-core-libraryloader-l1-1-0.dll
0x00000180da0e0000 - 0x00000180da0e3000 	C:\Program Files\Java\jre1.8.0_291\bin\api-ms-win-core-localization-l1-2-0.dll
0x00000180da0f0000 - 0x00000180da0f3000 	C:\Program Files\Java\jre1.8.0_291\bin\api-ms-win-core-memory-l1-1-0.dll
0x00000180da100000 - 0x00000180da103000 	C:\Program Files\Java\jre1.8.0_291\bin\api-ms-win-core-namedpipe-l1-1-0.dll
0x00000180da110000 - 0x00000180da113000 	C:\Program Files\Java\jre1.8.0_291\bin\api-ms-win-core-processenvironment-l1-1-0.dll
0x00000180da120000 - 0x00000180da123000 	C:\Program Files\Java\jre1.8.0_291\bin\api-ms-win-core-processthreads-l1-1-0.dll
0x00000180da130000 - 0x00000180da133000 	C:\Program Files\Java\jre1.8.0_291\bin\api-ms-win-core-processthreads-l1-1-1.dll
0x00000180da140000 - 0x00000180da143000 	C:\Program Files\Java\jre1.8.0_291\bin\api-ms-win-core-profile-l1-1-0.dll
0x00000180da150000 - 0x00000180da153000 	C:\Program Files\Java\jre1.8.0_291\bin\api-ms-win-core-rtlsupport-l1-1-0.dll
0x00000180da160000 - 0x00000180da163000 	C:\Program Files\Java\jre1.8.0_291\bin\api-ms-win-core-string-l1-1-0.dll
0x00000180da170000 - 0x00000180da173000 	C:\Program Files\Java\jre1.8.0_291\bin\api-ms-win-core-synch-l1-1-0.dll
0x00000180da180000 - 0x00000180da183000 	C:\Program Files\Java\jre1.8.0_291\bin\api-ms-win-core-synch-l1-2-0.dll
0x00000180da190000 - 0x00000180da193000 	C:\Program Files\Java\jre1.8.0_291\bin\api-ms-win-core-sysinfo-l1-1-0.dll
0x00000180da1a0000 - 0x00000180da1a3000 	C:\Program Files\Java\jre1.8.0_291\bin\api-ms-win-core-timezone-l1-1-0.dll
0x00000180da1b0000 - 0x00000180da1b3000 	C:\Program Files\Java\jre1.8.0_291\bin\api-ms-win-core-util-l1-1-0.dll
0x00000180da1c0000 - 0x00000180da1c3000 	C:\Program Files\Java\jre1.8.0_291\bin\api-ms-win-crt-conio-l1-1-0.dll
0x00000180da1d0000 - 0x00000180da1d4000 	C:\Program Files\Java\jre1.8.0_291\bin\api-ms-win-crt-convert-l1-1-0.dll
0x00000180da1e0000 - 0x00000180da1e3000 	C:\Program Files\Java\jre1.8.0_291\bin\api-ms-win-crt-environment-l1-1-0.dll
0x00000180da1f0000 - 0x00000180da1f3000 	C:\Program Files\Java\jre1.8.0_291\bin\api-ms-win-crt-filesystem-l1-1-0.dll
0x00000180da200000 - 0x00000180da203000 	C:\Program Files\Java\jre1.8.0_291\bin\api-ms-win-crt-heap-l1-1-0.dll
0x00000180da210000 - 0x00000180da213000 	C:\Program Files\Java\jre1.8.0_291\bin\api-ms-win-crt-locale-l1-1-0.dll
0x00000180da220000 - 0x00000180da225000 	C:\Program Files\Java\jre1.8.0_291\bin\api-ms-win-crt-math-l1-1-0.dll
0x00000180da230000 - 0x00000180da235000 	C:\Program Files\Java\jre1.8.0_291\bin\api-ms-win-crt-multibyte-l1-1-0.dll
0x00000180da240000 - 0x00000180da250000 	C:\Program Files\Java\jre1.8.0_291\bin\api-ms-win-crt-private-l1-1-0.dll
0x00000180da250000 - 0x00000180da253000 	C:\Program Files\Java\jre1.8.0_291\bin\api-ms-win-crt-process-l1-1-0.dll
0x00000180da260000 - 0x00000180da264000 	C:\Program Files\Java\jre1.8.0_291\bin\api-ms-win-crt-runtime-l1-1-0.dll
0x00000180da270000 - 0x00000180da274000 	C:\Program Files\Java\jre1.8.0_291\bin\api-ms-win-crt-stdio-l1-1-0.dll
0x00000180da280000 - 0x00000180da284000 	C:\Program Files\Java\jre1.8.0_291\bin\api-ms-win-crt-string-l1-1-0.dll
0x00000180da290000 - 0x00000180da293000 	C:\Program Files\Java\jre1.8.0_291\bin\api-ms-win-crt-time-l1-1-0.dll
0x00000180da2a0000 - 0x00000180da2a3000 	C:\Program Files\Java\jre1.8.0_291\bin\api-ms-win-crt-utility-l1-1-0.dll
0x00007ff885960000 - 0x00007ff885a5a000 	C:\Program Files\Java\jre1.8.0_291\bin\ucrtbase.dll
0x00007ff8cc040000 - 0x00007ff8cc04c000 	C:\Program Files\Java\jre1.8.0_291\bin\vcruntime140_1.dll
0x00007ff8b3ef0000 - 0x00007ff8b3f13000 	C:\Program Files\Java\jre1.8.0_291\bin\prism_d3d.dll
0x00007ff8a5de0000 - 0x00007ff8a5f86000 	C:\WINDOWS\system32\d3d9.dll
0x00007ff8cdf00000 - 0x00007ff8cdf2f000 	C:\WINDOWS\SYSTEM32\dwmapi.dll
0x00007ff8cdc80000 - 0x00007ff8cdcb8000 	C:\WINDOWS\SYSTEM32\dxcore.dll
0x00007ff8cdb60000 - 0x00007ff8cdc0c000 	C:\WINDOWS\system32\uxtheme.dll
0x00007ff8b9d60000 - 0x00007ff8b9e7d000 	C:\WINDOWS\System32\DriverStore\FileRepository\iigd_dch.inf_amd64_98079b1a931ddb0d\igdgmm64.dll
0x00007ff845eb0000 - 0x00007ff8498eb000 	C:\WINDOWS\System32\DriverStore\FileRepository\iigd_dch.inf_amd64_98079b1a931ddb0d\igd9dxva64.dll
0x00007ff8d1440000 - 0x00007ff8d15da000 	C:\WINDOWS\System32\OLE32.dll
0x00007ff8d1ea0000 - 0x00007ff8d1f76000 	C:\WINDOWS\System32\OLEAUT32.dll
0x00007ff8c7fe0000 - 0x00007ff8c8024000 	C:\WINDOWS\SYSTEM32\directxdatabasehelper.dll
0x00007ff8cf530000 - 0x00007ff8cf564000 	C:\WINDOWS\SYSTEM32\ntmarta.dll
0x00007ff8aa7f0000 - 0x00007ff8aa832000 	C:\Program Files\Java\jre1.8.0_291\bin\glass.dll
0x00007ff8d1cf0000 - 0x00007ff8d1ddc000 	C:\WINDOWS\System32\COMDLG32.dll
0x00007ff8a55d0000 - 0x00007ff8a5618000 	D:\Downloads\TeamViewerPortable11\tv_x64.dll
0x00007ff8d12b0000 - 0x00007ff8d13cd000 	C:\WINDOWS\System32\MSCTF.dll
0x0000000070bc0000 - 0x0000000070c9c000 	C:\Users\Mi\AppData\Local\Temp\sqlite-3.36.0.1-0a9b0405-c0db-43a8-a7e5-4b3a1877fcc2-sqlitejdbc.dll
0x00007ff8b3e80000 - 0x00007ff8b3e94000 	C:\Program Files\Java\jre1.8.0_291\bin\javafx_font.dll
0x00007ff8b9f20000 - 0x00007ff8ba17f000 	C:\WINDOWS\SYSTEM32\dwrite.dll
0x00007ff8d2ae0000 - 0x00007ff8d2b95000 	C:\WINDOWS\System32\clbcatq.dll
0x00007ff8c1c30000 - 0x00007ff8c1dde000 	C:\WINDOWS\SYSTEM32\WindowsCodecs.dll
0x00007ff8b4d60000 - 0x00007ff8b4e8d000 	C:\WINDOWS\SYSTEM32\textinputframework.dll
0x00007ff8aaa70000 - 0x00007ff8aaa82000 	C:\Program Files\Java\jre1.8.0_291\bin\prism_common.dll
0x00007ff8aa7c0000 - 0x00007ff8aa7ed000 	C:\Program Files\Java\jre1.8.0_291\bin\javafx_iio.dll
0x00007ff8aa390000 - 0x00007ff8aa3b4000 	C:\Program Files\Java\jre1.8.0_291\bin\sunec.dll
0x00007ff8c77e0000 - 0x00007ff8c77ea000 	C:\Windows\System32\rasadhlp.dll
0x00007ff8c9a10000 - 0x00007ff8c9a91000 	C:\WINDOWS\System32\fwpuclnt.dll
0x00007ff8cbb20000 - 0x00007ff8cbb2d000 	C:\Program Files\Java\jre1.8.0_291\bin\sunmscapi.dll
0x00007ff8d0840000 - 0x00007ff8d09a2000 	C:\WINDOWS\System32\CRYPT32.dll
0x00007ff8cfdc0000 - 0x00007ff8cfde8000 	C:\WINDOWS\SYSTEM32\ncrypt.dll
0x00007ff8cfd80000 - 0x00007ff8cfdb7000 	C:\WINDOWS\SYSTEM32\NTASN1.dll
0x00007ff8cd6f0000 - 0x00007ff8cd821000 	C:\WINDOWS\SYSTEM32\CoreMessaging.dll
0x00007ff8be9d0000 - 0x00007ff8bed3d000 	C:\WINDOWS\SYSTEM32\CoreUIComponents.dll
0x00007ff8c20e0000 - 0x00007ff8c2698000 	C:\WINDOWS\SYSTEM32\d2d1.dll
0x00007ff8be340000 - 0x00007ff8be5c0000 	C:\WINDOWS\SYSTEM32\d3d11.dll
0x00007ff8cdce0000 - 0x00007ff8cddd3000 	C:\WINDOWS\SYSTEM32\dxgi.dll

VM Arguments:
java_command: C:\Java\JavaFx\AnalMaster\AnalMaster.jar
java_class_path (initial): C:\Java\JavaFx\AnalMaster\AnalMaster.jar
Launcher Type: SUN_STANDARD

Environment Variables:
PATH=C:\Program Files (x86)\Common Files\Oracle\Java\javapath;C:\WINDOWS\system32;C:\WINDOWS;C:\WINDOWS\System32\Wbem;C:\WINDOWS\System32\WindowsPowerShell\v1.0\;C:\WINDOWS\System32\OpenSSH\;C:\Program Files\dotnet\;C:\Program Files\Microsoft VS Code\bin;C:\Program Files\nodejs\;C:\Program Files\PuTTY\;C:\Users\Mi\AppData\Local\Programs\Python\Python311\Scripts\;C:\Users\Mi\AppData\Local\Programs\Python\Python311\;C:\Users\Mi\AppData\Local\Programs\Python\Python38\Scripts\;C:\Users\Mi\AppData\Local\Programs\Python\Python38\;C:\Users\Mi\AppData\Local\Microsoft\WindowsApps;C:\Users\Mi\AppData\Local\GitHubDesktop\bin;C:\Users\Mi\AppData\Roaming\npm;C:\Users\Mi\AppData\Local\Microsoft\WindowsApps
USERNAME=Mi
OS=Windows_NT
PROCESSOR_IDENTIFIER=Intel64 Family 6 Model 142 Stepping 10, GenuineIntel



---------------  S Y S T E M  ---------------

OS: Windows 10.0 , 64 bit Build 22000 (10.0.22000.1335)

CPU:total 8 (initial active 8) (4 cores per cpu, 2 threads per core) family 6 model 142 stepping 10, cmov, cx8, fxsr, mmx, sse, sse2, sse3, ssse3, sse4.1, sse4.2, popcnt, avx, avx2, aes, clmul, erms, 3dnowpref, lzcnt, ht, tsc, tscinvbit, bmi1, bmi2, adx

Memory: 4k page, physical 16658532k(2092216k free), swap 34801552k(7708544k free)

vm_info: Java HotSpot(TM) 64-Bit Server VM (25.291-b10) for windows-amd64 JRE (1.8.0_291-b10), built on Apr  9 2021 00:02:00 by "java_re" with MS VC++ 15.9 (VS2017)

time: Fri Feb  3 10:55:51 2023
timezone: RTZ 2 (зима)
elapsed time: 75124.127114 seconds (0d 20h 52m 4s)

