file:/d:/Photo/
file:/d:/Photo/!С%20телефона/
Exception in thread "JavaFX Application Thread" java.lang.OutOfMemoryError: Java heap space
	at com.sun.javafx.iio.jpeg.JPEGImageLoader.load(JPEGImageLoader.java:238)
	at com.sun.javafx.iio.ImageStorage.loadAll(ImageStorage.java:364)
	at com.sun.javafx.iio.ImageStorage.loadAll(ImageStorage.java:324)
	at com.sun.javafx.tk.quantum.PrismImageLoader2.loadAll(PrismImageLoader2.java:127)
	at com.sun.javafx.tk.quantum.PrismImageLoader2.<init>(PrismImageLoader2.java:71)
	at com.sun.javafx.tk.quantum.QuantumToolkit.loadImage(QuantumToolkit.java:720)
	at javafx.scene.image.Image.loadImage(Image.java:1065)
	at javafx.scene.image.Image.initialize(Image.java:807)
	at javafx.scene.image.Image.<init>(Image.java:621)
	at artiom.view.ImageGridController.showImages(ImageGridController.java:44)
	at artiom.view.RootLayoutController.lambda$0(RootLayoutController.java:78)
	at artiom.view.RootLayoutController$$Lambda$157/817750.invalidated(Unknown Source)
	at com.sun.javafx.collections.ListListenerHelper$SingleInvalidation.fireValueChangedEvent(ListListenerHelper.java:126)
	at com.sun.javafx.collections.ListListenerHelper.fireValueChangedEvent(ListListenerHelper.java:73)
	at javafx.collections.ObservableListBase.fireChange(ObservableListBase.java:233)
	at javafx.collections.FXCollections$UnmodifiableObservableListImpl.lambda$new$52(FXCollections.java:929)
	at javafx.collections.FXCollections$UnmodifiableObservableListImpl$$Lambda$44/24834714.onChanged(Unknown Source)
	at javafx.collections.WeakListChangeListener.onChanged(WeakListChangeListener.java:88)
	at com.sun.javafx.collections.ListListenerHelper$SingleChange.fireValueChangedEvent(ListListenerHelper.java:164)
	at com.sun.javafx.collections.ListListenerHelper.fireValueChangedEvent(ListListenerHelper.java:73)
	at javafx.collections.ObservableListBase.fireChange(ObservableListBase.java:233)
	at javafx.collections.ListChangeBuilder.commit(ListChangeBuilder.java:482)
	at javafx.collections.ListChangeBuilder.endChange(ListChangeBuilder.java:541)
	at javafx.collections.ObservableListBase.endChange(ObservableListBase.java:205)
	at javafx.collections.ModifiableObservableListBase.setAll(ModifiableObservableListBase.java:90)
	at org.eclipse.fx.ui.controls.filesystem.skin.DirectoryTreeViewSkin.handleSelectionChange(DirectoryTreeViewSkin.java:91)
	at org.eclipse.fx.ui.controls.filesystem.skin.DirectoryTreeViewSkin$$Lambda$170/1884693.invalidated(Unknown Source)
	at com.sun.javafx.collections.ListListenerHelper$SingleInvalidation.fireValueChangedEvent(ListListenerHelper.java:126)
	at com.sun.javafx.collections.ListListenerHelper.fireValueChangedEvent(ListListenerHelper.java:73)
	at com.sun.javafx.scene.control.ReadOnlyUnbackedObservableList.callObservers(ReadOnlyUnbackedObservableList.java:75)
	at javafx.scene.control.MultipleSelectionModelBase$1.onChanged(MultipleSelectionModelBase.java:97)
	at com.sun.javafx.collections.ListListenerHelper$Generic.fireValueChangedEvent(ListListenerHelper.java:329)
file:/d:/Photo/!С%20телефона2/
Exception in thread "JavaFX Application Thread" java.lang.OutOfMemoryError: Java heap space
	at com.sun.javafx.iio.jpeg.JPEGImageLoader.load(JPEGImageLoader.java:238)
	at com.sun.javafx.iio.ImageStorage.loadAll(ImageStorage.java:364)
	at com.sun.javafx.iio.ImageStorage.loadAll(ImageStorage.java:324)
	at com.sun.javafx.tk.quantum.PrismImageLoader2.loadAll(PrismImageLoader2.java:127)
	at com.sun.javafx.tk.quantum.PrismImageLoader2.<init>(PrismImageLoader2.java:71)
	at com.sun.javafx.tk.quantum.QuantumToolkit.loadImage(QuantumToolkit.java:720)
	at javafx.scene.image.Image.loadImage(Image.java:1065)
	at javafx.scene.image.Image.initialize(Image.java:807)
	at javafx.scene.image.Image.<init>(Image.java:621)
	at artiom.view.ImageGridController.showImages(ImageGridController.java:44)
	at artiom.view.RootLayoutController.lambda$0(RootLayoutController.java:78)
	at artiom.view.RootLayoutController$$Lambda$157/817750.invalidated(Unknown Source)
	at com.sun.javafx.collections.ListListenerHelper$SingleInvalidation.fireValueChangedEvent(ListListenerHelper.java:126)
	at com.sun.javafx.collections.ListListenerHelper.fireValueChangedEvent(ListListenerHelper.java:73)
	at javafx.collections.ObservableListBase.fireChange(ObservableListBase.java:233)
	at javafx.collections.FXCollections$UnmodifiableObservableListImpl.lambda$new$52(FXCollections.java:929)
	at javafx.collections.FXCollections$UnmodifiableObservableListImpl$$Lambda$44/24834714.onChanged(Unknown Source)
	at javafx.collections.WeakListChangeListener.onChanged(WeakListChangeListener.java:88)
	at com.sun.javafx.collections.ListListenerHelper$SingleChange.fireValueChangedEvent(ListListenerHelper.java:164)
	at com.sun.javafx.collections.ListListenerHelper.fireValueChangedEvent(ListListenerHelper.java:73)
	at javafx.collections.ObservableListBase.fireChange(ObservableListBase.java:233)
	at javafx.collections.ListChangeBuilder.commit(ListChangeBuilder.java:482)
	at javafx.collections.ListChangeBuilder.endChange(ListChangeBuilder.java:541)
	at javafx.collections.ObservableListBase.endChange(ObservableListBase.java:205)
	at javafx.collections.ModifiableObservableListBase.setAll(ModifiableObservableListBase.java:90)
	at org.eclipse.fx.ui.controls.filesystem.skin.DirectoryTreeViewSkin.handleSelectionChange(DirectoryTreeViewSkin.java:91)
	at org.eclipse.fx.ui.controls.filesystem.skin.DirectoryTreeViewSkin$$Lambda$170/1884693.invalidated(Unknown Source)
	at com.sun.javafx.collections.ListListenerHelper$SingleInvalidation.fireValueChangedEvent(ListListenerHelper.java:126)
	at com.sun.javafx.collections.ListListenerHelper.fireValueChangedEvent(ListListenerHelper.java:73)
	at com.sun.javafx.scene.control.ReadOnlyUnbackedObservableList.callObservers(ReadOnlyUnbackedObservableList.java:75)
	at javafx.scene.control.MultipleSelectionModelBase$1.onChanged(MultipleSelectionModelBase.java:97)
	at com.sun.javafx.collections.ListListenerHelper$Generic.fireValueChangedEvent(ListListenerHelper.java:329)
file:/d:/Photo/!С%20телефона3/
Exception in thread "JavaFX Application Thread" java.lang.OutOfMemoryError: Java heap space
	at com.sun.javafx.iio.jpeg.JPEGImageLoader.load(JPEGImageLoader.java:238)
	at com.sun.javafx.iio.ImageStorage.loadAll(ImageStorage.java:364)
	at com.sun.javafx.iio.ImageStorage.loadAll(ImageStorage.java:324)
	at com.sun.javafx.tk.quantum.PrismImageLoader2.loadAll(PrismImageLoader2.java:127)
	at com.sun.javafx.tk.quantum.PrismImageLoader2.<init>(PrismImageLoader2.java:71)
	at com.sun.javafx.tk.quantum.QuantumToolkit.loadImage(QuantumToolkit.java:720)
	at javafx.scene.image.Image.loadImage(Image.java:1065)
	at javafx.scene.image.Image.initialize(Image.java:807)
	at javafx.scene.image.Image.<init>(Image.java:621)
	at artiom.view.ImageGridController.showImages(ImageGridController.java:44)
	at artiom.view.RootLayoutController.lambda$0(RootLayoutController.java:78)
	at artiom.view.RootLayoutController$$Lambda$157/817750.invalidated(Unknown Source)
	at com.sun.javafx.collections.ListListenerHelper$SingleInvalidation.fireValueChangedEvent(ListListenerHelper.java:126)
	at com.sun.javafx.collections.ListListenerHelper.fireValueChangedEvent(ListListenerHelper.java:73)
	at javafx.collections.ObservableListBase.fireChange(ObservableListBase.java:233)
	at javafx.collections.FXCollections$UnmodifiableObservableListImpl.lambda$new$52(FXCollections.java:929)
	at javafx.collections.FXCollections$UnmodifiableObservableListImpl$$Lambda$44/24834714.onChanged(Unknown Source)
	at javafx.collections.WeakListChangeListener.onChanged(WeakListChangeListener.java:88)
	at com.sun.javafx.collections.ListListenerHelper$SingleChange.fireValueChangedEvent(ListListenerHelper.java:164)
	at com.sun.javafx.collections.ListListenerHelper.fireValueChangedEvent(ListListenerHelper.java:73)
	at javafx.collections.ObservableListBase.fireChange(ObservableListBase.java:233)
	at javafx.collections.ListChangeBuilder.commit(ListChangeBuilder.java:482)
	at javafx.collections.ListChangeBuilder.endChange(ListChangeBuilder.java:541)
	at javafx.collections.ObservableListBase.endChange(ObservableListBase.java:205)
	at javafx.collections.ModifiableObservableListBase.setAll(ModifiableObservableListBase.java:90)
	at org.eclipse.fx.ui.controls.filesystem.skin.DirectoryTreeViewSkin.handleSelectionChange(DirectoryTreeViewSkin.java:91)
	at org.eclipse.fx.ui.controls.filesystem.skin.DirectoryTreeViewSkin$$Lambda$170/1884693.invalidated(Unknown Source)
	at com.sun.javafx.collections.ListListenerHelper$SingleInvalidation.fireValueChangedEvent(ListListenerHelper.java:126)
	at com.sun.javafx.collections.ListListenerHelper.fireValueChangedEvent(ListListenerHelper.java:73)
	at com.sun.javafx.scene.control.ReadOnlyUnbackedObservableList.callObservers(ReadOnlyUnbackedObservableList.java:75)
	at javafx.scene.control.MultipleSelectionModelBase$1.onChanged(MultipleSelectionModelBase.java:97)
	at com.sun.javafx.collections.ListListenerHelper$Generic.fireValueChangedEvent(ListListenerHelper.java:329)
file:/d:/Photo/!С%20телефона4/
Exception in thread "JavaFX Application Thread" java.lang.OutOfMemoryError: Java heap space
	at com.sun.javafx.iio.jpeg.JPEGImageLoader.load(JPEGImageLoader.java:238)
	at com.sun.javafx.iio.ImageStorage.loadAll(ImageStorage.java:364)
	at com.sun.javafx.iio.ImageStorage.loadAll(ImageStorage.java:324)
	at com.sun.javafx.tk.quantum.PrismImageLoader2.loadAll(PrismImageLoader2.java:127)
	at com.sun.javafx.tk.quantum.PrismImageLoader2.<init>(PrismImageLoader2.java:71)
	at com.sun.javafx.tk.quantum.QuantumToolkit.loadImage(QuantumToolkit.java:720)
	at javafx.scene.image.Image.loadImage(Image.java:1065)
	at javafx.scene.image.Image.initialize(Image.java:807)
	at javafx.scene.image.Image.<init>(Image.java:621)
	at artiom.view.ImageGridController.showImages(ImageGridController.java:44)
	at artiom.view.RootLayoutController.lambda$0(RootLayoutController.java:78)
	at artiom.view.RootLayoutController$$Lambda$157/817750.invalidated(Unknown Source)
	at com.sun.javafx.collections.ListListenerHelper$SingleInvalidation.fireValueChangedEvent(ListListenerHelper.java:126)
	at com.sun.javafx.collections.ListListenerHelper.fireValueChangedEvent(ListListenerHelper.java:73)
	at javafx.collections.ObservableListBase.fireChange(ObservableListBase.java:233)
	at javafx.collections.FXCollections$UnmodifiableObservableListImpl.lambda$new$52(FXCollections.java:929)
	at javafx.collections.FXCollections$UnmodifiableObservableListImpl$$Lambda$44/24834714.onChanged(Unknown Source)
	at javafx.collections.WeakListChangeListener.onChanged(WeakListChangeListener.java:88)
	at com.sun.javafx.collections.ListListenerHelper$SingleChange.fireValueChangedEvent(ListListenerHelper.java:164)
	at com.sun.javafx.collections.ListListenerHelper.fireValueChangedEvent(ListListenerHelper.java:73)
	at javafx.collections.ObservableListBase.fireChange(ObservableListBase.java:233)
	at javafx.collections.ListChangeBuilder.commit(ListChangeBuilder.java:482)
	at javafx.collections.ListChangeBuilder.endChange(ListChangeBuilder.java:541)
	at javafx.collections.ObservableListBase.endChange(ObservableListBase.java:205)
	at javafx.collections.ModifiableObservableListBase.setAll(ModifiableObservableListBase.java:90)
	at org.eclipse.fx.ui.controls.filesystem.skin.DirectoryTreeViewSkin.handleSelectionChange(DirectoryTreeViewSkin.java:91)
	at org.eclipse.fx.ui.controls.filesystem.skin.DirectoryTreeViewSkin$$Lambda$170/1884693.invalidated(Unknown Source)
	at com.sun.javafx.collections.ListListenerHelper$SingleInvalidation.fireValueChangedEvent(ListListenerHelper.java:126)
	at com.sun.javafx.collections.ListListenerHelper.fireValueChangedEvent(ListListenerHelper.java:73)
	at com.sun.javafx.scene.control.ReadOnlyUnbackedObservableList.callObservers(ReadOnlyUnbackedObservableList.java:75)
	at javafx.scene.control.MultipleSelectionModelBase$1.onChanged(MultipleSelectionModelBase.java:97)
	at com.sun.javafx.collections.ListListenerHelper$Generic.fireValueChangedEvent(ListListenerHelper.java:329)
file:/d:/Photo/!фото%20для%20постов/
file:/d:/Photo/!С%20телефона4/
Exception in thread "JavaFX Application Thread" java.lang.OutOfMemoryError: Java heap space
file:/d:/Photo/!С%20телефона3/
Exception in thread "JavaFX Application Thread" java.lang.OutOfMemoryError: Java heap space
file:/d:/Photo/!С%20телефона2/
Exception in thread "JavaFX Application Thread" java.lang.OutOfMemoryError: Java heap space
file:/d:/Photo/!С%20телефона4/
Exception in thread "JavaFX Application Thread" java.lang.OutOfMemoryError: Java heap space
file:/d:/Photo/1/
file:/d:/Photo/!С%20телефона4/
Exception in thread "JavaFX Application Thread" java.lang.OutOfMemoryError: Java heap space
file:/d:/Photo/!С%20телефона2/
Exception in thread "JavaFX Application Thread" java.lang.OutOfMemoryError: Java heap space
file:/d:/Photo/2017-05-09_Салют/
Exception in thread "JavaFX Application Thread" java.lang.OutOfMemoryError: Java heap space
